nohup: ignoring input
Argument list to program
--relative_age True
--chronological_age True
--gender_multiplier True
--cropped False
--dataset KG
--data_train /private/workspace/cyt/bone_age_assessment/data/data_yuwei/train
--heatmaps_train ./experiments/best_experiment/KG/HEATMAPS_TRAIN
--ann_path_train /private/workspace/cyt/bone_age_assessment/data/data_yuwei/annotations/train_ann.csv
--rois_path_train /private/workspace/cyt/bone_age_assessment/data/RSNA/annotations/RSNA_Anatomical_ROIs_Training.json
--data_val /private/workspace/cyt/bone_age_assessment/data/data_yuwei/val
--heatmaps_val ./experiments/best_experiment/KG/HEATMAPS_VAL
--ann_path_val /private/workspace/cyt/bone_age_assessment/data/data_yuwei/annotations/val_ann.csv
--rois_path_val /private/workspace/cyt/bone_age_assessment/data/RSNA/annotations/RSNA_Anatomical_ROIs_Validation.json
--trainval True
--save_folder ./experiments/best_experiment/KG
--snapshot ./experiments/best_experiment/KG/boneage_bonet_snapshot.pth
--optim_snapshot ./experiments/best_experiment/KG/boneage_bonet_optim.pth
--eval_first True
--workers 25
--batch_size 20
--epochs 150
--lr 0.0001
--patience 2
--start_epoch 0
--seed 1111
--log_interval 30
--gpu 0
--rank 0



---> Number of params: 123467423
Train begins...
Val loss: 4042413997727.65576
 [    0] (    0/   24) | ms/batch 330.5302 | loss 228.952057 | avg loss 228.952057 | lr 0.0001000
Val loss: 95.44531
-----------------------------------------------------------------------------------------
| end of epoch   0 | time: 12.90s | epoch loss 110.768117 |
-----------------------------------------------------------------------------------------
 [    1] (    0/   24) | ms/batch 139.8098 | loss 97.534683 | avg loss 97.534683 | lr 0.0001000
Val loss: 27.51574
-----------------------------------------------------------------------------------------
| end of epoch   1 | time: 12.48s | epoch loss 64.617610 |
-----------------------------------------------------------------------------------------
 [    2] (    0/   24) | ms/batch 158.6454 | loss 38.459206 | avg loss 38.459206 | lr 0.0001000
Val loss: 38.99129
-----------------------------------------------------------------------------------------
| end of epoch   2 | time: 12.96s | epoch loss 51.796558 |
-----------------------------------------------------------------------------------------
 [    3] (    0/   24) | ms/batch 139.8122 | loss 33.464676 | avg loss 33.464676 | lr 0.0001000
Val loss: 31.38574
-----------------------------------------------------------------------------------------
| end of epoch   3 | time: 13.65s | epoch loss 43.757487 |
-----------------------------------------------------------------------------------------
 [    4] (    0/   24) | ms/batch 153.1572 | loss 41.134670 | avg loss 41.134670 | lr 0.0001000
Val loss: 26.70644
-----------------------------------------------------------------------------------------
| end of epoch   4 | time: 12.78s | epoch loss 46.205131 |
-----------------------------------------------------------------------------------------
 [    5] (    0/   24) | ms/batch 158.7472 | loss 36.450474 | avg loss 36.450474 | lr 0.0001000
Val loss: 60.63062
-----------------------------------------------------------------------------------------
| end of epoch   5 | time: 12.68s | epoch loss 43.483539 |
-----------------------------------------------------------------------------------------
 [    6] (    0/   24) | ms/batch 158.9620 | loss 52.258125 | avg loss 52.258125 | lr 0.0001000
Val loss: 30.77325
-----------------------------------------------------------------------------------------
| end of epoch   6 | time: 12.70s | epoch loss 41.500090 |
-----------------------------------------------------------------------------------------
 [    7] (    0/   24) | ms/batch 139.5023 | loss 39.294689 | avg loss 39.294689 | lr 0.0001000
Val loss: 27.40146
-----------------------------------------------------------------------------------------
| end of epoch   7 | time: 13.48s | epoch loss 51.144610 |
-----------------------------------------------------------------------------------------
 [    8] (    0/   24) | ms/batch 158.7923 | loss 55.904980 | avg loss 55.904980 | lr 0.0001000
Val loss: 64.31751
-----------------------------------------------------------------------------------------
| end of epoch   8 | time: 12.76s | epoch loss 44.090092 |
-----------------------------------------------------------------------------------------
 [    9] (    0/   24) | ms/batch 139.7078 | loss 70.736168 | avg loss 70.736168 | lr 0.0001000
Val loss: 40.59852
-----------------------------------------------------------------------------------------
| end of epoch   9 | time: 12.59s | epoch loss 42.325605 |
-----------------------------------------------------------------------------------------
 [   10] (    0/   24) | ms/batch 158.7396 | loss 61.831776 | avg loss 61.831776 | lr 0.0001000
Val loss: 34.50070
-----------------------------------------------------------------------------------------
| end of epoch  10 | time: 12.94s | epoch loss 51.260689 |
-----------------------------------------------------------------------------------------
 [   11] (    0/   24) | ms/batch 158.7884 | loss 25.635187 | avg loss 25.635187 | lr 0.0001000
Val loss: 25.83308
-----------------------------------------------------------------------------------------
| end of epoch  11 | time: 12.83s | epoch loss 42.939517 |
-----------------------------------------------------------------------------------------
 [   12] (    0/   24) | ms/batch 159.1327 | loss 32.775784 | avg loss 32.775784 | lr 0.0001000
Val loss: 28.19589
-----------------------------------------------------------------------------------------
| end of epoch  12 | time: 12.53s | epoch loss 43.736389 |
-----------------------------------------------------------------------------------------
 [   13] (    0/   24) | ms/batch 153.4555 | loss 16.868002 | avg loss 16.868002 | lr 0.0001000
Val loss: 26.21894
-----------------------------------------------------------------------------------------
| end of epoch  13 | time: 13.23s | epoch loss 35.317030 |
-----------------------------------------------------------------------------------------
 [   14] (    0/   24) | ms/batch 158.6194 | loss 31.391895 | avg loss 31.391895 | lr 0.0001000
Val loss: 34.14691
-----------------------------------------------------------------------------------------
| end of epoch  14 | time: 13.05s | epoch loss 40.384698 |
-----------------------------------------------------------------------------------------
 [   15] (    0/   24) | ms/batch 159.0664 | loss 50.658489 | avg loss 50.658489 | lr 0.0001000
Val loss: 57.39335
-----------------------------------------------------------------------------------------
| end of epoch  15 | time: 13.66s | epoch loss 34.543365 |
-----------------------------------------------------------------------------------------
 [   16] (    0/   24) | ms/batch 138.6435 | loss 63.961132 | avg loss 63.961132 | lr 0.0001000
Val loss: 53.35954
-----------------------------------------------------------------------------------------
| end of epoch  16 | time: 13.59s | epoch loss 47.863845 |
-----------------------------------------------------------------------------------------
 [   17] (    0/   24) | ms/batch 158.2570 | loss 83.434654 | avg loss 83.434654 | lr 0.0001000
Val loss: 19.09908
-----------------------------------------------------------------------------------------
| end of epoch  17 | time: 13.82s | epoch loss 44.276013 |
-----------------------------------------------------------------------------------------
 [   18] (    0/   24) | ms/batch 160.4519 | loss 23.399494 | avg loss 23.399494 | lr 0.0001000
Val loss: 20.69095
-----------------------------------------------------------------------------------------
| end of epoch  18 | time: 12.87s | epoch loss 42.426507 |
-----------------------------------------------------------------------------------------
 [   19] (    0/   24) | ms/batch 155.6025 | loss 30.216314 | avg loss 30.216314 | lr 0.0001000
Val loss: 35.42298
-----------------------------------------------------------------------------------------
| end of epoch  19 | time: 12.70s | epoch loss 32.209267 |
-----------------------------------------------------------------------------------------
 [   20] (    0/   24) | ms/batch 139.2138 | loss 61.899635 | avg loss 61.899635 | lr 0.0001000
Val loss: 27.76859
-----------------------------------------------------------------------------------------
| end of epoch  20 | time: 12.64s | epoch loss 33.861196 |
-----------------------------------------------------------------------------------------
 [   21] (    0/   24) | ms/batch 159.2586 | loss 21.030920 | avg loss 21.030920 | lr 0.0001000
Val loss: 27.54557
-----------------------------------------------------------------------------------------
| end of epoch  21 | time: 12.79s | epoch loss 32.914131 |
-----------------------------------------------------------------------------------------
 [   22] (    0/   24) | ms/batch 158.7303 | loss 42.139320 | avg loss 42.139320 | lr 0.0001000
Val loss: 22.41912
-----------------------------------------------------------------------------------------
| end of epoch  22 | time: 12.82s | epoch loss 30.340868 |
-----------------------------------------------------------------------------------------
 [   23] (    0/   24) | ms/batch 158.7219 | loss 25.029106 | avg loss 25.029106 | lr 0.0001000
Val loss: 32.55973
-----------------------------------------------------------------------------------------
| end of epoch  23 | time: 12.78s | epoch loss 30.812068 |
-----------------------------------------------------------------------------------------
 [   24] (    0/   24) | ms/batch 153.5504 | loss 44.254780 | avg loss 44.254780 | lr 0.0001000
Val loss: 63.68969
-----------------------------------------------------------------------------------------
| end of epoch  24 | time: 12.84s | epoch loss 27.026083 |
-----------------------------------------------------------------------------------------
 [   25] (    0/   24) | ms/batch 139.5705 | loss 71.951233 | avg loss 71.951233 | lr 0.0001000
Val loss: 22.60382
-----------------------------------------------------------------------------------------
| end of epoch  25 | time: 12.95s | epoch loss 37.883556 |
-----------------------------------------------------------------------------------------
 [   26] (    0/   24) | ms/batch 158.9165 | loss 23.714104 | avg loss 23.714104 | lr 0.0001000
Val loss: 26.37051
-----------------------------------------------------------------------------------------
| end of epoch  26 | time: 12.74s | epoch loss 30.183155 |
-----------------------------------------------------------------------------------------
 [   27] (    0/   24) | ms/batch 155.1073 | loss 21.200327 | avg loss 21.200327 | lr 0.0001000
Val loss: 68.77897
-----------------------------------------------------------------------------------------
| end of epoch  27 | time: 12.56s | epoch loss 36.172593 |
-----------------------------------------------------------------------------------------
 [   28] (    0/   24) | ms/batch 159.3690 | loss 82.589478 | avg loss 82.589478 | lr 0.0001000
Val loss: 32.26351
-----------------------------------------------------------------------------------------
| end of epoch  28 | time: 12.73s | epoch loss 56.596127 |
-----------------------------------------------------------------------------------------
 [   29] (    0/   24) | ms/batch 156.2560 | loss 42.360981 | avg loss 42.360981 | lr 0.0001000
Val loss: 26.63008
-----------------------------------------------------------------------------------------
| end of epoch  29 | time: 12.78s | epoch loss 35.122932 |
-----------------------------------------------------------------------------------------
 [   30] (    0/   24) | ms/batch 156.5847 | loss 16.429831 | avg loss 16.429831 | lr 0.0001000
Val loss: 16.67858
-----------------------------------------------------------------------------------------
| end of epoch  30 | time: 12.90s | epoch loss 27.905779 |
-----------------------------------------------------------------------------------------
 [   31] (    0/   24) | ms/batch 159.3981 | loss 22.273405 | avg loss 22.273405 | lr 0.0001000
Val loss: 43.69103
-----------------------------------------------------------------------------------------
| end of epoch  31 | time: 12.85s | epoch loss 26.800190 |
-----------------------------------------------------------------------------------------
 [   32] (    0/   24) | ms/batch 159.1926 | loss 35.619087 | avg loss 35.619087 | lr 0.0001000
Val loss: 33.51007
-----------------------------------------------------------------------------------------
| end of epoch  32 | time: 12.93s | epoch loss 41.620731 |
-----------------------------------------------------------------------------------------
 [   33] (    0/   24) | ms/batch 158.8902 | loss 24.694010 | avg loss 24.694010 | lr 0.0001000
Val loss: 31.88452
-----------------------------------------------------------------------------------------
| end of epoch  33 | time: 13.31s | epoch loss 28.379316 |
-----------------------------------------------------------------------------------------
 [   34] (    0/   24) | ms/batch 147.3885 | loss 30.706848 | avg loss 30.706848 | lr 0.0001000
Val loss: 36.86107
-----------------------------------------------------------------------------------------
| end of epoch  34 | time: 12.93s | epoch loss 26.989472 |
-----------------------------------------------------------------------------------------
 [   35] (    0/   24) | ms/batch 158.9289 | loss 26.885010 | avg loss 26.885010 | lr 0.0001000
Val loss: 17.77218
-----------------------------------------------------------------------------------------
| end of epoch  35 | time: 13.21s | epoch loss 26.015602 |
-----------------------------------------------------------------------------------------
 [   36] (    0/   24) | ms/batch 158.6466 | loss 22.408388 | avg loss 22.408388 | lr 0.0001000
Val loss: 53.91347
-----------------------------------------------------------------------------------------
| end of epoch  36 | time: 12.81s | epoch loss 26.141517 |
-----------------------------------------------------------------------------------------
 [   37] (    0/   24) | ms/batch 138.8631 | loss 37.079678 | avg loss 37.079678 | lr 0.0001000
Val loss: 44.66343
-----------------------------------------------------------------------------------------
| end of epoch  37 | time: 13.24s | epoch loss 31.127061 |
-----------------------------------------------------------------------------------------
 [   38] (    0/   24) | ms/batch 159.4815 | loss 69.554749 | avg loss 69.554749 | lr 0.0001000
Val loss: 22.28353
-----------------------------------------------------------------------------------------
| end of epoch  38 | time: 12.90s | epoch loss 32.094608 |
-----------------------------------------------------------------------------------------
 [   39] (    0/   24) | ms/batch 152.0596 | loss 21.619608 | avg loss 21.619608 | lr 0.0001000
Val loss: 14.48816
-----------------------------------------------------------------------------------------
| end of epoch  39 | time: 12.45s | epoch loss 26.402989 |
-----------------------------------------------------------------------------------------
 [   40] (    0/   24) | ms/batch 159.0073 | loss 13.292208 | avg loss 13.292208 | lr 0.0001000
Val loss: 15.19640
-----------------------------------------------------------------------------------------
| end of epoch  40 | time: 12.84s | epoch loss 21.328586 |
-----------------------------------------------------------------------------------------
 [   41] (    0/   24) | ms/batch 156.8503 | loss 14.116340 | avg loss 14.116340 | lr 0.0001000
Val loss: 13.39292
-----------------------------------------------------------------------------------------
| end of epoch  41 | time: 13.25s | epoch loss 27.943891 |
-----------------------------------------------------------------------------------------
 [   42] (    0/   24) | ms/batch 159.1201 | loss 18.959278 | avg loss 18.959278 | lr 0.0001000
Val loss: 23.94546
-----------------------------------------------------------------------------------------
| end of epoch  42 | time: 13.01s | epoch loss 21.609442 |
-----------------------------------------------------------------------------------------
 [   43] (    0/   24) | ms/batch 159.2841 | loss 27.138136 | avg loss 27.138136 | lr 0.0001000
Val loss: 26.45437
-----------------------------------------------------------------------------------------
| end of epoch  43 | time: 14.50s | epoch loss 23.839742 |
-----------------------------------------------------------------------------------------
 [   44] (    0/   24) | ms/batch 158.4797 | loss 38.285507 | avg loss 38.285507 | lr 0.0001000
Val loss: 16.90890
-----------------------------------------------------------------------------------------
| end of epoch  44 | time: 13.23s | epoch loss 25.933315 |
-----------------------------------------------------------------------------------------
 [   45] (    0/   24) | ms/batch 160.7215 | loss 21.051367 | avg loss 21.051367 | lr 0.0001000
Val loss: 17.47437
-----------------------------------------------------------------------------------------
| end of epoch  45 | time: 13.24s | epoch loss 28.523735 |
-----------------------------------------------------------------------------------------
 [   46] (    0/   24) | ms/batch 158.4880 | loss 29.647938 | avg loss 29.647938 | lr 0.0001000
Val loss: 32.45753
-----------------------------------------------------------------------------------------
| end of epoch  46 | time: 13.17s | epoch loss 31.557427 |
-----------------------------------------------------------------------------------------
 [   47] (    0/   24) | ms/batch 141.0513 | loss 23.999537 | avg loss 23.999537 | lr 0.0001000
Val loss: 20.30982
-----------------------------------------------------------------------------------------
| end of epoch  47 | time: 12.87s | epoch loss 29.852845 |
-----------------------------------------------------------------------------------------
 [   48] (    0/   24) | ms/batch 155.6957 | loss 25.605413 | avg loss 25.605413 | lr 0.0001000
Val loss: 16.50583
-----------------------------------------------------------------------------------------
| end of epoch  48 | time: 12.87s | epoch loss 23.105507 |
-----------------------------------------------------------------------------------------
 [   49] (    0/   24) | ms/batch 158.9093 | loss 19.130661 | avg loss 19.130661 | lr 0.0001000
Val loss: 19.43509
-----------------------------------------------------------------------------------------
| end of epoch  49 | time: 13.15s | epoch loss 21.685376 |
-----------------------------------------------------------------------------------------
 [   50] (    0/   24) | ms/batch 166.0435 | loss 18.118223 | avg loss 18.118223 | lr 0.0001000
Val loss: 19.20313
-----------------------------------------------------------------------------------------
| end of epoch  50 | time: 13.12s | epoch loss 23.368649 |
-----------------------------------------------------------------------------------------
 [   51] (    0/   24) | ms/batch 155.3650 | loss 31.179483 | avg loss 31.179483 | lr 0.0001000
Val loss: 18.70514
-----------------------------------------------------------------------------------------
| end of epoch  51 | time: 12.72s | epoch loss 25.333996 |
-----------------------------------------------------------------------------------------
 [   52] (    0/   24) | ms/batch 139.8633 | loss 21.143909 | avg loss 21.143909 | lr 0.0001000
Val loss: 15.14428
-----------------------------------------------------------------------------------------
| end of epoch  52 | time: 13.33s | epoch loss 25.135743 |
-----------------------------------------------------------------------------------------
 [   53] (    0/   24) | ms/batch 157.3546 | loss 16.720402 | avg loss 16.720402 | lr 0.0001000
Val loss: 45.24563
-----------------------------------------------------------------------------------------
| end of epoch  53 | time: 13.14s | epoch loss 19.883625 |
-----------------------------------------------------------------------------------------
 [   54] (    0/   24) | ms/batch 159.5607 | loss 49.784321 | avg loss 49.784321 | lr 0.0001000
Val loss: 29.71669
-----------------------------------------------------------------------------------------
| end of epoch  54 | time: 12.83s | epoch loss 21.653801 |
-----------------------------------------------------------------------------------------
 [   55] (    0/   24) | ms/batch 159.4787 | loss 34.551880 | avg loss 34.551880 | lr 0.0001000
Val loss: 41.04854
-----------------------------------------------------------------------------------------
| end of epoch  55 | time: 13.33s | epoch loss 21.383033 |
-----------------------------------------------------------------------------------------
 [   56] (    0/   24) | ms/batch 155.4029 | loss 29.982569 | avg loss 29.982569 | lr 0.0001000
Val loss: 15.85219
-----------------------------------------------------------------------------------------
| end of epoch  56 | time: 13.08s | epoch loss 30.428218 |
-----------------------------------------------------------------------------------------
 [   57] (    0/   24) | ms/batch 158.8743 | loss 25.173361 | avg loss 25.173361 | lr 0.0001000
Val loss: 13.73478
-----------------------------------------------------------------------------------------
| end of epoch  57 | time: 12.48s | epoch loss 20.741080 |
-----------------------------------------------------------------------------------------
 [   58] (    0/   24) | ms/batch 158.3054 | loss 19.140390 | avg loss 19.140390 | lr 0.0001000
Val loss: 13.28030
-----------------------------------------------------------------------------------------
| end of epoch  58 | time: 12.69s | epoch loss 17.261529 |
-----------------------------------------------------------------------------------------
 [   59] (    0/   24) | ms/batch 158.9622 | loss 10.031613 | avg loss 10.031613 | lr 0.0001000
Val loss: 37.28010
-----------------------------------------------------------------------------------------
| end of epoch  59 | time: 12.90s | epoch loss 31.158610 |
-----------------------------------------------------------------------------------------
 [   60] (    0/   24) | ms/batch 158.4544 | loss 51.661388 | avg loss 51.661388 | lr 0.0001000
Val loss: 20.69692
-----------------------------------------------------------------------------------------
| end of epoch  60 | time: 12.77s | epoch loss 28.053974 |
-----------------------------------------------------------------------------------------
 [   61] (    0/   24) | ms/batch 139.5955 | loss 16.768137 | avg loss 16.768137 | lr 0.0001000
Val loss: 18.69022
-----------------------------------------------------------------------------------------
| end of epoch  61 | time: 12.95s | epoch loss 22.928414 |
-----------------------------------------------------------------------------------------
 [   62] (    0/   24) | ms/batch 159.4689 | loss 24.004580 | avg loss 24.004580 | lr 0.0001000
Val loss: 14.53194
-----------------------------------------------------------------------------------------
| end of epoch  62 | time: 12.77s | epoch loss 18.161720 |
-----------------------------------------------------------------------------------------
 [   63] (    0/   24) | ms/batch 139.5297 | loss 18.388147 | avg loss 18.388147 | lr 0.0001000
Val loss: 16.07230
-----------------------------------------------------------------------------------------
| end of epoch  63 | time: 13.27s | epoch loss 20.299830 |
-----------------------------------------------------------------------------------------
 [   64] (    0/   24) | ms/batch 158.5717 | loss 22.169798 | avg loss 22.169798 | lr 0.0001000
Val loss: 13.44087
-----------------------------------------------------------------------------------------
| end of epoch  64 | time: 13.01s | epoch loss 24.337587 |
-----------------------------------------------------------------------------------------
 [   65] (    0/   24) | ms/batch 155.4902 | loss 18.959299 | avg loss 18.959299 | lr 0.0001000
Val loss: 23.04315
-----------------------------------------------------------------------------------------
| end of epoch  65 | time: 13.21s | epoch loss 19.240530 |
-----------------------------------------------------------------------------------------
 [   66] (    0/   24) | ms/batch 159.0099 | loss 16.371408 | avg loss 16.371408 | lr 0.0001000
Val loss: 36.06501
-----------------------------------------------------------------------------------------
| end of epoch  66 | time: 13.03s | epoch loss 18.078496 |
-----------------------------------------------------------------------------------------
 [   67] (    0/   24) | ms/batch 152.4971 | loss 38.015022 | avg loss 38.015022 | lr 0.0001000
Val loss: 29.63569
-----------------------------------------------------------------------------------------
| end of epoch  67 | time: 13.05s | epoch loss 30.493884 |
-----------------------------------------------------------------------------------------
 [   68] (    0/   24) | ms/batch 139.6317 | loss 30.012506 | avg loss 30.012506 | lr 0.0001000
Val loss: 19.40273
-----------------------------------------------------------------------------------------
| end of epoch  68 | time: 13.19s | epoch loss 21.541474 |
-----------------------------------------------------------------------------------------
 [   69] (    0/   24) | ms/batch 159.3032 | loss 45.737206 | avg loss 45.737206 | lr 0.0001000
Val loss: 24.18457
-----------------------------------------------------------------------------------------
| end of epoch  69 | time: 12.77s | epoch loss 20.587069 |
-----------------------------------------------------------------------------------------
 [   70] (    0/   24) | ms/batch 148.4225 | loss 29.908005 | avg loss 29.908005 | lr 0.0001000
Val loss: 34.48313
-----------------------------------------------------------------------------------------
| end of epoch  70 | time: 12.71s | epoch loss 19.276152 |
-----------------------------------------------------------------------------------------
 [   71] (    0/   24) | ms/batch 158.1488 | loss 26.958643 | avg loss 26.958643 | lr 0.0001000
Val loss: 23.48921
-----------------------------------------------------------------------------------------
| end of epoch  71 | time: 12.72s | epoch loss 25.296401 |
-----------------------------------------------------------------------------------------
 [   72] (    0/   24) | ms/batch 158.9768 | loss 32.416237 | avg loss 32.416237 | lr 0.0001000
Val loss: 27.42658
-----------------------------------------------------------------------------------------
| end of epoch  72 | time: 12.96s | epoch loss 18.569891 |
-----------------------------------------------------------------------------------------
 [   73] (    0/   24) | ms/batch 156.5366 | loss 21.916563 | avg loss 21.916563 | lr 0.0001000
Val loss: 15.43877
-----------------------------------------------------------------------------------------
| end of epoch  73 | time: 12.79s | epoch loss 21.508083 |
-----------------------------------------------------------------------------------------
 [   74] (    0/   24) | ms/batch 157.6700 | loss 15.591392 | avg loss 15.591392 | lr 0.0001000
Val loss: 18.65990
-----------------------------------------------------------------------------------------
| end of epoch  74 | time: 13.15s | epoch loss 18.785589 |
-----------------------------------------------------------------------------------------
 [   75] (    0/   24) | ms/batch 158.1511 | loss 20.584156 | avg loss 20.584156 | lr 0.0001000
Val loss: 34.48748
-----------------------------------------------------------------------------------------
| end of epoch  75 | time: 12.96s | epoch loss 21.880976 |
-----------------------------------------------------------------------------------------
 [   76] (    0/   24) | ms/batch 159.2240 | loss 31.467268 | avg loss 31.467268 | lr 0.0001000
Val loss: 16.84847
-----------------------------------------------------------------------------------------
| end of epoch  76 | time: 13.21s | epoch loss 30.910646 |
-----------------------------------------------------------------------------------------
 [   77] (    0/   24) | ms/batch 158.8840 | loss 19.616854 | avg loss 19.616854 | lr 0.0001000
Val loss: 14.12271
-----------------------------------------------------------------------------------------
| end of epoch  77 | time: 12.72s | epoch loss 27.739036 |
-----------------------------------------------------------------------------------------
 [   78] (    0/   24) | ms/batch 158.6077 | loss 28.800308 | avg loss 28.800308 | lr 0.0001000
Val loss: 13.44052
-----------------------------------------------------------------------------------------
| end of epoch  78 | time: 13.23s | epoch loss 20.309321 |
-----------------------------------------------------------------------------------------
 [   79] (    0/   24) | ms/batch 139.6065 | loss 13.878131 | avg loss 13.878131 | lr 0.0001000
Val loss: 29.40693
-----------------------------------------------------------------------------------------
| end of epoch  79 | time: 12.71s | epoch loss 24.297626 |
-----------------------------------------------------------------------------------------
 [   80] (    0/   24) | ms/batch 140.4021 | loss 29.194391 | avg loss 29.194391 | lr 0.0001000
Val loss: 19.67733
-----------------------------------------------------------------------------------------
| end of epoch  80 | time: 13.40s | epoch loss 25.859989 |
-----------------------------------------------------------------------------------------
 [   81] (    0/   24) | ms/batch 139.8835 | loss 18.912060 | avg loss 18.912060 | lr 0.0001000
Val loss: 17.55211
-----------------------------------------------------------------------------------------
| end of epoch  81 | time: 13.16s | epoch loss 18.183635 |
-----------------------------------------------------------------------------------------
 [   82] (    0/   24) | ms/batch 139.6601 | loss 21.904848 | avg loss 21.904848 | lr 0.0001000
Val loss: 18.20336
-----------------------------------------------------------------------------------------
| end of epoch  82 | time: 12.87s | epoch loss 15.502147 |
-----------------------------------------------------------------------------------------
 [   83] (    0/   24) | ms/batch 139.6005 | loss 44.416286 | avg loss 44.416286 | lr 0.0001000
Val loss: 9.74866
-----------------------------------------------------------------------------------------
| end of epoch  83 | time: 12.48s | epoch loss 15.928145 |
-----------------------------------------------------------------------------------------
 [   84] (    0/   24) | ms/batch 140.3792 | loss 13.495908 | avg loss 13.495908 | lr 0.0001000
Val loss: 21.98430
-----------------------------------------------------------------------------------------
| end of epoch  84 | time: 12.67s | epoch loss 14.488679 |
-----------------------------------------------------------------------------------------
 [   85] (    0/   24) | ms/batch 145.6735 | loss 14.692527 | avg loss 14.692527 | lr 0.0001000
Val loss: 21.85508
-----------------------------------------------------------------------------------------
| end of epoch  85 | time: 12.89s | epoch loss 17.453413 |
-----------------------------------------------------------------------------------------
 [   86] (    0/   24) | ms/batch 140.3620 | loss 26.829962 | avg loss 26.829962 | lr 0.0001000
Val loss: 19.03229
-----------------------------------------------------------------------------------------
| end of epoch  86 | time: 13.60s | epoch loss 20.506694 |
-----------------------------------------------------------------------------------------
 [   87] (    0/   24) | ms/batch 151.9444 | loss 12.393714 | avg loss 12.393714 | lr 0.0001000
Val loss: 13.75493
-----------------------------------------------------------------------------------------
| end of epoch  87 | time: 13.53s | epoch loss 17.608426 |
-----------------------------------------------------------------------------------------
 [   88] (    0/   24) | ms/batch 140.1894 | loss 15.540369 | avg loss 15.540369 | lr 0.0001000
Val loss: 20.63300
-----------------------------------------------------------------------------------------
| end of epoch  88 | time: 12.86s | epoch loss 19.919814 |
-----------------------------------------------------------------------------------------
 [   89] (    0/   24) | ms/batch 140.2445 | loss 22.378916 | avg loss 22.378916 | lr 0.0001000
Val loss: 20.51448
-----------------------------------------------------------------------------------------
| end of epoch  89 | time: 13.82s | epoch loss 24.943906 |
-----------------------------------------------------------------------------------------
 [   90] (    0/   24) | ms/batch 159.1518 | loss 27.101068 | avg loss 27.101068 | lr 0.0001000
Val loss: 16.66876
-----------------------------------------------------------------------------------------
| end of epoch  90 | time: 12.94s | epoch loss 20.198445 |
-----------------------------------------------------------------------------------------
 [   91] (    0/   24) | ms/batch 181.5863 | loss 19.564528 | avg loss 19.564528 | lr 0.0001000
Val loss: 21.60211
-----------------------------------------------------------------------------------------
| end of epoch  91 | time: 16.74s | epoch loss 21.519583 |
-----------------------------------------------------------------------------------------
 [   92] (    0/   24) | ms/batch 139.1220 | loss 20.829069 | avg loss 20.829069 | lr 0.0001000
Val loss: 15.49328
-----------------------------------------------------------------------------------------
| end of epoch  92 | time: 13.36s | epoch loss 18.011493 |
-----------------------------------------------------------------------------------------
 [   93] (    0/   24) | ms/batch 138.8395 | loss 12.302284 | avg loss 12.302284 | lr 0.0001000
Val loss: 30.70420
-----------------------------------------------------------------------------------------
| end of epoch  93 | time: 14.98s | epoch loss 22.236222 |
-----------------------------------------------------------------------------------------
 [   94] (    0/   24) | ms/batch 151.2656 | loss 33.161148 | avg loss 33.161148 | lr 0.0001000
Val loss: 18.87688
-----------------------------------------------------------------------------------------
| end of epoch  94 | time: 13.97s | epoch loss 19.674212 |
-----------------------------------------------------------------------------------------
 [   95] (    0/   24) | ms/batch 139.8184 | loss 13.892008 | avg loss 13.892008 | lr 0.0001000
Val loss: 10.84375
-----------------------------------------------------------------------------------------
| end of epoch  95 | time: 13.23s | epoch loss 16.291509 |
-----------------------------------------------------------------------------------------
 [   96] (    0/   24) | ms/batch 148.9894 | loss 12.999224 | avg loss 12.999224 | lr 0.0001000
Val loss: 27.27342
-----------------------------------------------------------------------------------------
| end of epoch  96 | time: 15.20s | epoch loss 19.102983 |
-----------------------------------------------------------------------------------------
 [   97] (    0/   24) | ms/batch 158.3686 | loss 20.369022 | avg loss 20.369022 | lr 0.0001000
Val loss: 16.70772
-----------------------------------------------------------------------------------------
| end of epoch  97 | time: 14.06s | epoch loss 17.018705 |
-----------------------------------------------------------------------------------------
 [   98] (    0/   24) | ms/batch 139.4968 | loss 22.965952 | avg loss 22.965952 | lr 0.0001000
Val loss: 18.75109
-----------------------------------------------------------------------------------------
| end of epoch  98 | time: 15.00s | epoch loss 19.153454 |
-----------------------------------------------------------------------------------------
 [   99] (    0/   24) | ms/batch 139.7002 | loss 20.075743 | avg loss 20.075743 | lr 0.0001000
Val loss: 9.30997
-----------------------------------------------------------------------------------------
| end of epoch  99 | time: 15.68s | epoch loss 17.081581 |
-----------------------------------------------------------------------------------------
 [  100] (    0/   24) | ms/batch 138.9008 | loss 16.829895 | avg loss 16.829895 | lr 0.0001000
Val loss: 40.86655
-----------------------------------------------------------------------------------------
| end of epoch 100 | time: 14.41s | epoch loss 17.975986 |
-----------------------------------------------------------------------------------------
 [  101] (    0/   24) | ms/batch 139.6801 | loss 29.740351 | avg loss 29.740351 | lr 0.0001000
Val loss: 14.92569
-----------------------------------------------------------------------------------------
| end of epoch 101 | time: 13.32s | epoch loss 20.678922 |
-----------------------------------------------------------------------------------------
 [  102] (    0/   24) | ms/batch 287.0166 | loss 11.546199 | avg loss 11.546199 | lr 0.0001000
Val loss: 14.72511
-----------------------------------------------------------------------------------------
| end of epoch 102 | time: 14.01s | epoch loss 16.903045 |
-----------------------------------------------------------------------------------------
 [  103] (    0/   24) | ms/batch 285.1553 | loss 8.384623 | avg loss 8.384623 | lr 0.0001000
Val loss: 11.15841
-----------------------------------------------------------------------------------------
| end of epoch 103 | time: 15.72s | epoch loss 15.972060 |
-----------------------------------------------------------------------------------------
 [  104] (    0/   24) | ms/batch 285.6846 | loss 16.664215 | avg loss 16.664215 | lr 0.0001000
Val loss: 23.64539
-----------------------------------------------------------------------------------------
| end of epoch 104 | time: 16.51s | epoch loss 14.890344 |
-----------------------------------------------------------------------------------------
 [  105] (    0/   24) | ms/batch 285.5973 | loss 28.373966 | avg loss 28.373966 | lr 0.0001000
Val loss: 19.22162
-----------------------------------------------------------------------------------------
| end of epoch 105 | time: 16.74s | epoch loss 15.811777 |
-----------------------------------------------------------------------------------------
 [  106] (    0/   24) | ms/batch 259.5935 | loss 20.503160 | avg loss 20.503160 | lr 0.0001000
Val loss: 31.26691
-----------------------------------------------------------------------------------------
| end of epoch 106 | time: 15.38s | epoch loss 24.635672 |
-----------------------------------------------------------------------------------------
 [  107] (    0/   24) | ms/batch 139.4026 | loss 27.900297 | avg loss 27.900297 | lr 0.0001000
Val loss: 12.99496
-----------------------------------------------------------------------------------------
| end of epoch 107 | time: 18.23s | epoch loss 16.525662 |
-----------------------------------------------------------------------------------------
 [  108] (    0/   24) | ms/batch 186.6193 | loss 17.851042 | avg loss 17.851042 | lr 0.0001000
Val loss: 20.41236
-----------------------------------------------------------------------------------------
| end of epoch 108 | time: 16.66s | epoch loss 15.432548 |
-----------------------------------------------------------------------------------------
 [  109] (    0/   24) | ms/batch 207.6283 | loss 16.265713 | avg loss 16.265713 | lr 0.0001000
Val loss: 10.17827
-----------------------------------------------------------------------------------------
| end of epoch 109 | time: 17.26s | epoch loss 17.804015 |
-----------------------------------------------------------------------------------------
 [  110] (    0/   24) | ms/batch 285.0358 | loss 13.482355 | avg loss 13.482355 | lr 0.0001000
Val loss: 25.77838
-----------------------------------------------------------------------------------------
| end of epoch 110 | time: 17.68s | epoch loss 17.853255 |
-----------------------------------------------------------------------------------------
 [  111] (    0/   24) | ms/batch 139.7851 | loss 23.219229 | avg loss 23.219229 | lr 0.0001000
Val loss: 23.95484
-----------------------------------------------------------------------------------------
| end of epoch 111 | time: 17.20s | epoch loss 23.127094 |
-----------------------------------------------------------------------------------------
 [  112] (    0/   24) | ms/batch 151.0346 | loss 21.573902 | avg loss 21.573902 | lr 0.0001000
Val loss: 15.44544
-----------------------------------------------------------------------------------------
| end of epoch 112 | time: 19.46s | epoch loss 19.962028 |
-----------------------------------------------------------------------------------------
 [  113] (    0/   24) | ms/batch 280.4959 | loss 12.393447 | avg loss 12.393447 | lr 0.0001000
Val loss: 13.38407
-----------------------------------------------------------------------------------------
| end of epoch 113 | time: 15.38s | epoch loss 16.429690 |
-----------------------------------------------------------------------------------------
 [  114] (    0/   24) | ms/batch 286.5779 | loss 19.176741 | avg loss 19.176741 | lr 0.0001000
Val loss: 13.87388
-----------------------------------------------------------------------------------------
| end of epoch 114 | time: 15.74s | epoch loss 15.836447 |
-----------------------------------------------------------------------------------------
 [  115] (    0/   24) | ms/batch 287.0088 | loss 14.025232 | avg loss 14.025232 | lr 0.0001000
Val loss: 18.44447
-----------------------------------------------------------------------------------------
| end of epoch 115 | time: 16.38s | epoch loss 15.429986 |
-----------------------------------------------------------------------------------------
 [  116] (    0/   24) | ms/batch 280.1776 | loss 21.476994 | avg loss 21.476994 | lr 0.0001000
Val loss: 21.84157
-----------------------------------------------------------------------------------------
| end of epoch 116 | time: 16.73s | epoch loss 20.788560 |
-----------------------------------------------------------------------------------------
 [  117] (    0/   24) | ms/batch 282.4893 | loss 17.972166 | avg loss 17.972166 | lr 0.0001000
Val loss: 20.60788
-----------------------------------------------------------------------------------------
| end of epoch 117 | time: 15.58s | epoch loss 18.909701 |
-----------------------------------------------------------------------------------------
 [  118] (    0/   24) | ms/batch 298.7554 | loss 14.990585 | avg loss 14.990585 | lr 0.0001000
Val loss: 15.13477
-----------------------------------------------------------------------------------------
| end of epoch 118 | time: 17.77s | epoch loss 17.235116 |
-----------------------------------------------------------------------------------------
 [  119] (    0/   24) | ms/batch 139.8129 | loss 14.595679 | avg loss 14.595679 | lr 0.0001000
Val loss: 12.33218
-----------------------------------------------------------------------------------------
| end of epoch 119 | time: 14.23s | epoch loss 15.011788 |
-----------------------------------------------------------------------------------------
 [  120] (    0/   24) | ms/batch 142.7033 | loss 13.519488 | avg loss 13.519488 | lr 0.0001000
Val loss: 14.36263
-----------------------------------------------------------------------------------------
| end of epoch 120 | time: 14.45s | epoch loss 15.021506 |
-----------------------------------------------------------------------------------------
 [  121] (    0/   24) | ms/batch 139.9527 | loss 9.616179 | avg loss 9.616179 | lr 0.0001000
Val loss: 15.31146
-----------------------------------------------------------------------------------------
| end of epoch 121 | time: 14.73s | epoch loss 16.316596 |
-----------------------------------------------------------------------------------------
 [  122] (    0/   24) | ms/batch 139.0364 | loss 12.720119 | avg loss 12.720119 | lr 0.0001000
Val loss: 23.54841
-----------------------------------------------------------------------------------------
| end of epoch 122 | time: 15.58s | epoch loss 12.612581 |
-----------------------------------------------------------------------------------------
 [  123] (    0/   24) | ms/batch 138.9759 | loss 19.020397 | avg loss 19.020397 | lr 0.0001000
Val loss: 13.45765
-----------------------------------------------------------------------------------------
| end of epoch 123 | time: 14.15s | epoch loss 14.532375 |
-----------------------------------------------------------------------------------------
 [  124] (    0/   24) | ms/batch 139.7724 | loss 11.114130 | avg loss 11.114130 | lr 0.0001000
Val loss: 24.07776
-----------------------------------------------------------------------------------------
| end of epoch 124 | time: 14.90s | epoch loss 10.844495 |
-----------------------------------------------------------------------------------------
 [  125] (    0/   24) | ms/batch 139.9479 | loss 19.384634 | avg loss 19.384634 | lr 0.0001000
Val loss: 12.80062
-----------------------------------------------------------------------------------------
| end of epoch 125 | time: 14.32s | epoch loss 20.165252 |
-----------------------------------------------------------------------------------------
 [  126] (    0/   24) | ms/batch 158.3636 | loss 11.799234 | avg loss 11.799234 | lr 0.0001000
Val loss: 21.85928
-----------------------------------------------------------------------------------------
| end of epoch 126 | time: 14.62s | epoch loss 13.477730 |
-----------------------------------------------------------------------------------------
 [  127] (    0/   24) | ms/batch 139.8039 | loss 21.572683 | avg loss 21.572683 | lr 0.0001000
Val loss: 9.27449
-----------------------------------------------------------------------------------------
| end of epoch 127 | time: 14.37s | epoch loss 15.443348 |
-----------------------------------------------------------------------------------------
 [  128] (    0/   24) | ms/batch 159.4224 | loss 13.534874 | avg loss 13.534874 | lr 0.0001000
Val loss: 20.07352
-----------------------------------------------------------------------------------------
| end of epoch 128 | time: 15.12s | epoch loss 11.916220 |
-----------------------------------------------------------------------------------------
 [  129] (    0/   24) | ms/batch 139.9684 | loss 16.580845 | avg loss 16.580845 | lr 0.0001000
Val loss: 17.09189
-----------------------------------------------------------------------------------------
| end of epoch 129 | time: 14.59s | epoch loss 19.891365 |
-----------------------------------------------------------------------------------------
 [  130] (    0/   24) | ms/batch 158.6401 | loss 11.126445 | avg loss 11.126445 | lr 0.0001000
Val loss: 16.95770
-----------------------------------------------------------------------------------------
| end of epoch 130 | time: 15.56s | epoch loss 17.895894 |
-----------------------------------------------------------------------------------------
 [  131] (    0/   24) | ms/batch 138.8640 | loss 11.793694 | avg loss 11.793694 | lr 0.0001000
Val loss: 14.04440
-----------------------------------------------------------------------------------------
| end of epoch 131 | time: 13.22s | epoch loss 12.577719 |
-----------------------------------------------------------------------------------------
 [  132] (    0/   24) | ms/batch 195.3115 | loss 9.926683 | avg loss 9.926683 | lr 0.0001000
Val loss: 22.00992
-----------------------------------------------------------------------------------------
| end of epoch 132 | time: 13.34s | epoch loss 12.821653 |
-----------------------------------------------------------------------------------------
