nohup: ignoring input
Argument list to program
--relative_age True
--chronological_age True
--gender_multiplier True
--use_gut_microbiome False
--use_pe_performance False
--cropped False
--dataset KG
--data_train /private/workspace/cyt/bone_age_assessment/data/data_yuwei/train
--heatmaps_train ./experiments/best_experiment/KG/with_no_pe_gut/HEATMAPS_TRAIN
--ann_path_train /private/workspace/cyt/bone_age_assessment/data/data_yuwei/annotations/train_ann.csv
--rois_path_train /private/workspace/cyt/bone_age_assessment/data/RSNA/annotations/RSNA_Anatomical_ROIs_Training.json
--data_val /private/workspace/cyt/bone_age_assessment/data/data_yuwei/val
--heatmaps_val ./experiments/best_experiment/KG/with_no_pe_gut/HEATMAPS_VAL
--ann_path_val /private/workspace/cyt/bone_age_assessment/data/data_yuwei/annotations/val_ann.csv
--rois_path_val /private/workspace/cyt/bone_age_assessment/data/RSNA/annotations/RSNA_Anatomical_ROIs_Validation.json
--trainval True
--save_folder ./experiments/best_experiment/KG/with_no_pe_gut
--snapshot ./experiments/best_experiment/KG/with_no_pe_gut/boneage_bonet_snapshot.pth
--optim_snapshot ./experiments/best_experiment/KG/with_no_pe_gut/boneage_bonet_optim.pth
--eval_first True
--workers 25
--batch_size 20
--epochs 150
--lr 0.0001
--patience 2
--start_epoch 0
--seed 1111
--log_interval 30
--gpu 0
--rank 0



---> Number of params: 123388203
Train begins...
Val loss: 301869239042.75269
 [    0] (    0/   24) | ms/batch 231.7553 | loss 42.038235 | avg loss 42.038235 | lr 0.0001000
Val loss: 36.14515
-----------------------------------------------------------------------------------------
| end of epoch   0 | time: 12.62s | epoch loss 50.227297 |
-----------------------------------------------------------------------------------------
 [    1] (    0/   24) | ms/batch 142.9081 | loss 28.557724 | avg loss 28.557724 | lr 0.0001000
Val loss: 31.07128
-----------------------------------------------------------------------------------------
| end of epoch   1 | time: 12.51s | epoch loss 25.800099 |
-----------------------------------------------------------------------------------------
 [    2] (    0/   24) | ms/batch 138.3798 | loss 30.797571 | avg loss 30.797571 | lr 0.0001000
Val loss: 11.73309
-----------------------------------------------------------------------------------------
| end of epoch   2 | time: 12.19s | epoch loss 19.235196 |
-----------------------------------------------------------------------------------------
 [    3] (    0/   24) | ms/batch 139.1597 | loss 19.730156 | avg loss 19.730156 | lr 0.0001000
Val loss: 10.56349
-----------------------------------------------------------------------------------------
| end of epoch   3 | time: 12.59s | epoch loss 16.095763 |
-----------------------------------------------------------------------------------------
 [    4] (    0/   24) | ms/batch 139.2767 | loss 15.881991 | avg loss 15.881991 | lr 0.0001000
Val loss: 10.35033
-----------------------------------------------------------------------------------------
| end of epoch   4 | time: 12.54s | epoch loss 18.393209 |
-----------------------------------------------------------------------------------------
 [    5] (    0/   24) | ms/batch 139.0393 | loss 13.399356 | avg loss 13.399356 | lr 0.0001000
Val loss: 8.66460
-----------------------------------------------------------------------------------------
| end of epoch   5 | time: 12.55s | epoch loss 13.294335 |
-----------------------------------------------------------------------------------------
 [    6] (    0/   24) | ms/batch 138.7882 | loss 12.549844 | avg loss 12.549844 | lr 0.0001000
Val loss: 10.80496
-----------------------------------------------------------------------------------------
| end of epoch   6 | time: 13.30s | epoch loss 13.011154 |
-----------------------------------------------------------------------------------------
 [    7] (    0/   24) | ms/batch 155.4174 | loss 10.175208 | avg loss 10.175208 | lr 0.0001000
Val loss: 9.41689
-----------------------------------------------------------------------------------------
| end of epoch   7 | time: 96.20s | epoch loss 12.607314 |
-----------------------------------------------------------------------------------------
 [    8] (    0/   24) | ms/batch 155.2651 | loss 12.663324 | avg loss 12.663324 | lr 0.0001000
Val loss: 14.79131
-----------------------------------------------------------------------------------------
| end of epoch   8 | time: 13.83s | epoch loss 12.151878 |
-----------------------------------------------------------------------------------------
 [    9] (    0/   24) | ms/batch 158.0055 | loss 11.459183 | avg loss 11.459183 | lr 0.0001000
Val loss: 9.34827
-----------------------------------------------------------------------------------------
| end of epoch   9 | time: 15.38s | epoch loss 14.721431 |
-----------------------------------------------------------------------------------------
 [   10] (    0/   24) | ms/batch 158.1008 | loss 10.707175 | avg loss 10.707175 | lr 0.0001000
Val loss: 9.87235
-----------------------------------------------------------------------------------------
| end of epoch  10 | time: 14.09s | epoch loss 11.039821 |
-----------------------------------------------------------------------------------------
 [   11] (    0/   24) | ms/batch 157.5339 | loss 15.010834 | avg loss 15.010834 | lr 0.0001000
Val loss: 12.65986
-----------------------------------------------------------------------------------------
| end of epoch  11 | time: 14.02s | epoch loss 11.573416 |
-----------------------------------------------------------------------------------------
 [   12] (    0/   24) | ms/batch 157.7988 | loss 13.571009 | avg loss 13.571009 | lr 0.0001000
Val loss: 9.84821
-----------------------------------------------------------------------------------------
| end of epoch  12 | time: 13.16s | epoch loss 13.425753 |
-----------------------------------------------------------------------------------------
 [   13] (    0/   24) | ms/batch 158.6385 | loss 13.188275 | avg loss 13.188275 | lr 0.0001000
Val loss: 8.61314
-----------------------------------------------------------------------------------------
| end of epoch  13 | time: 12.93s | epoch loss 11.710462 |
-----------------------------------------------------------------------------------------
 [   14] (    0/   24) | ms/batch 163.6770 | loss 9.426607 | avg loss 9.426607 | lr 0.0001000
Val loss: 8.76215
-----------------------------------------------------------------------------------------
| end of epoch  14 | time: 12.40s | epoch loss 10.809898 |
-----------------------------------------------------------------------------------------
 [   15] (    0/   24) | ms/batch 158.3958 | loss 8.930099 | avg loss 8.930099 | lr 0.0001000
Val loss: 8.13419
-----------------------------------------------------------------------------------------
| end of epoch  15 | time: 22.26s | epoch loss 11.489921 |
-----------------------------------------------------------------------------------------
 [   16] (    0/   24) | ms/batch 155.6137 | loss 14.989963 | avg loss 14.989963 | lr 0.0001000
Val loss: 7.80423
-----------------------------------------------------------------------------------------
| end of epoch  16 | time: 24.98s | epoch loss 9.903929 |
-----------------------------------------------------------------------------------------
 [   17] (    0/   24) | ms/batch 158.2811 | loss 7.755229 | avg loss 7.755229 | lr 0.0001000
Val loss: 8.58470
-----------------------------------------------------------------------------------------
| end of epoch  17 | time: 12.53s | epoch loss 9.813539 |
-----------------------------------------------------------------------------------------
 [   18] (    0/   24) | ms/batch 158.4466 | loss 11.655260 | avg loss 11.655260 | lr 0.0001000
Val loss: 8.61844
-----------------------------------------------------------------------------------------
| end of epoch  18 | time: 12.65s | epoch loss 9.453903 |
-----------------------------------------------------------------------------------------
 [   19] (    0/   24) | ms/batch 158.1354 | loss 13.063497 | avg loss 13.063497 | lr 0.0001000
Val loss: 9.13380
-----------------------------------------------------------------------------------------
| end of epoch  19 | time: 13.46s | epoch loss 10.050959 |
-----------------------------------------------------------------------------------------
 [   20] (    0/   24) | ms/batch 157.4507 | loss 10.509088 | avg loss 10.509088 | lr 0.0001000
Val loss: 10.44146
-----------------------------------------------------------------------------------------
| end of epoch  20 | time: 12.65s | epoch loss 10.457265 |
-----------------------------------------------------------------------------------------
 [   21] (    0/   24) | ms/batch 153.4121 | loss 10.065375 | avg loss 10.065375 | lr 0.0001000
Val loss: 7.63037
-----------------------------------------------------------------------------------------
| end of epoch  21 | time: 12.45s | epoch loss 10.748784 |
-----------------------------------------------------------------------------------------
 [   22] (    0/   24) | ms/batch 153.7302 | loss 7.681453 | avg loss 7.681453 | lr 0.0001000
Val loss: 7.40483
-----------------------------------------------------------------------------------------
| end of epoch  22 | time: 13.36s | epoch loss 9.946601 |
-----------------------------------------------------------------------------------------
 [   23] (    0/   24) | ms/batch 158.4761 | loss 9.279604 | avg loss 9.279604 | lr 0.0001000
Val loss: 8.14988
-----------------------------------------------------------------------------------------
| end of epoch  23 | time: 13.39s | epoch loss 9.942143 |
-----------------------------------------------------------------------------------------
 [   24] (    0/   24) | ms/batch 158.0241 | loss 12.282374 | avg loss 12.282374 | lr 0.0001000
Val loss: 10.24601
-----------------------------------------------------------------------------------------
| end of epoch  24 | time: 14.00s | epoch loss 9.495366 |
-----------------------------------------------------------------------------------------
 [   25] (    0/   24) | ms/batch 157.4736 | loss 13.296921 | avg loss 13.296921 | lr 0.0001000
Val loss: 7.98911
-----------------------------------------------------------------------------------------
| end of epoch  25 | time: 13.26s | epoch loss 10.306211 |
-----------------------------------------------------------------------------------------
 [   26] (    0/   24) | ms/batch 159.9534 | loss 8.288085 | avg loss 8.288085 | lr 0.0001000
Val loss: 9.65829
-----------------------------------------------------------------------------------------
| end of epoch  26 | time: 12.68s | epoch loss 8.559304 |
-----------------------------------------------------------------------------------------
 [   27] (    0/   24) | ms/batch 152.5960 | loss 8.611053 | avg loss 8.611053 | lr 0.0001000
Val loss: 8.01321
-----------------------------------------------------------------------------------------
| end of epoch  27 | time: 13.63s | epoch loss 9.664158 |
-----------------------------------------------------------------------------------------
 [   28] (    0/   24) | ms/batch 157.6762 | loss 8.115130 | avg loss 8.115130 | lr 0.0001000
Val loss: 8.76544
-----------------------------------------------------------------------------------------
| end of epoch  28 | time: 12.39s | epoch loss 8.955815 |
-----------------------------------------------------------------------------------------
 [   29] (    0/   24) | ms/batch 158.8969 | loss 10.892095 | avg loss 10.892095 | lr 0.0001000
Val loss: 8.85632
-----------------------------------------------------------------------------------------
| end of epoch  29 | time: 13.26s | epoch loss 9.298167 |
-----------------------------------------------------------------------------------------
 [   30] (    0/   24) | ms/batch 158.2465 | loss 10.756090 | avg loss 10.756090 | lr 0.0001000
Val loss: 8.85675
-----------------------------------------------------------------------------------------
| end of epoch  30 | time: 12.80s | epoch loss 9.516909 |
-----------------------------------------------------------------------------------------
 [   31] (    0/   24) | ms/batch 158.9100 | loss 11.824491 | avg loss 11.824491 | lr 0.0001000
Val loss: 8.52768
-----------------------------------------------------------------------------------------
| end of epoch  31 | time: 12.77s | epoch loss 9.027021 |
-----------------------------------------------------------------------------------------
 [   32] (    0/   24) | ms/batch 152.4718 | loss 10.399528 | avg loss 10.399528 | lr 0.0001000
Val loss: 7.30323
-----------------------------------------------------------------------------------------
| end of epoch  32 | time: 13.28s | epoch loss 8.872863 |
-----------------------------------------------------------------------------------------
 [   33] (    0/   24) | ms/batch 158.2396 | loss 7.815365 | avg loss 7.815365 | lr 0.0001000
Val loss: 8.56006
-----------------------------------------------------------------------------------------
| end of epoch  33 | time: 12.91s | epoch loss 9.266284 |
-----------------------------------------------------------------------------------------
 [   34] (    0/   24) | ms/batch 158.5975 | loss 8.923701 | avg loss 8.923701 | lr 0.0001000
Val loss: 7.46968
-----------------------------------------------------------------------------------------
| end of epoch  34 | time: 12.98s | epoch loss 8.833778 |
-----------------------------------------------------------------------------------------
 [   35] (    0/   24) | ms/batch 158.6540 | loss 9.590678 | avg loss 9.590678 | lr 0.0001000
Val loss: 7.97341
-----------------------------------------------------------------------------------------
| end of epoch  35 | time: 12.62s | epoch loss 9.303961 |
-----------------------------------------------------------------------------------------
 [   36] (    0/   24) | ms/batch 152.9949 | loss 8.410627 | avg loss 8.410627 | lr 0.0001000
Val loss: 8.05397
-----------------------------------------------------------------------------------------
| end of epoch  36 | time: 12.98s | epoch loss 8.860197 |
-----------------------------------------------------------------------------------------
 [   37] (    0/   24) | ms/batch 157.6374 | loss 9.650881 | avg loss 9.650881 | lr 0.0001000
Val loss: 7.54999
-----------------------------------------------------------------------------------------
| end of epoch  37 | time: 13.38s | epoch loss 9.364859 |
-----------------------------------------------------------------------------------------
 [   38] (    0/   24) | ms/batch 158.7098 | loss 7.374443 | avg loss 7.374443 | lr 0.0001000
Val loss: 7.93202
-----------------------------------------------------------------------------------------
| end of epoch  38 | time: 14.81s | epoch loss 9.079070 |
-----------------------------------------------------------------------------------------
 [   39] (    0/   24) | ms/batch 158.2625 | loss 6.788205 | avg loss 6.788205 | lr 0.0001000
Val loss: 9.24686
-----------------------------------------------------------------------------------------
| end of epoch  39 | time: 14.59s | epoch loss 9.623283 |
-----------------------------------------------------------------------------------------
 [   40] (    0/   24) | ms/batch 159.0624 | loss 9.901900 | avg loss 9.901900 | lr 0.0001000
Val loss: 7.67246
-----------------------------------------------------------------------------------------
| end of epoch  40 | time: 13.13s | epoch loss 9.442540 |
-----------------------------------------------------------------------------------------
 [   41] (    0/   24) | ms/batch 153.3918 | loss 8.810439 | avg loss 8.810439 | lr 0.0001000
Val loss: 8.34922
-----------------------------------------------------------------------------------------
| end of epoch  41 | time: 13.13s | epoch loss 8.914115 |
-----------------------------------------------------------------------------------------
 [   42] (    0/   24) | ms/batch 154.5362 | loss 9.771930 | avg loss 9.771930 | lr 0.0001000
Val loss: 7.50849
-----------------------------------------------------------------------------------------
| end of epoch  42 | time: 12.43s | epoch loss 8.854548 |
-----------------------------------------------------------------------------------------
 [   43] (    0/   24) | ms/batch 155.7913 | loss 7.956983 | avg loss 7.956983 | lr 0.0001000
Val loss: 7.99753
-----------------------------------------------------------------------------------------
| end of epoch  43 | time: 12.64s | epoch loss 8.779758 |
-----------------------------------------------------------------------------------------
 [   44] (    0/   24) | ms/batch 157.8290 | loss 8.351046 | avg loss 8.351046 | lr 0.0001000
Val loss: 8.34581
-----------------------------------------------------------------------------------------
| end of epoch  44 | time: 14.45s | epoch loss 9.005121 |
-----------------------------------------------------------------------------------------
 [   45] (    0/   24) | ms/batch 158.3097 | loss 7.341080 | avg loss 7.341080 | lr 0.0001000
Val loss: 8.63536
-----------------------------------------------------------------------------------------
| end of epoch  45 | time: 12.72s | epoch loss 9.592944 |
-----------------------------------------------------------------------------------------
 [   46] (    0/   24) | ms/batch 158.6516 | loss 7.659183 | avg loss 7.659183 | lr 0.0001000
Val loss: 7.35217
-----------------------------------------------------------------------------------------
| end of epoch  46 | time: 13.64s | epoch loss 9.318987 |
-----------------------------------------------------------------------------------------
 [   47] (    0/   24) | ms/batch 155.5882 | loss 8.976418 | avg loss 8.976418 | lr 0.0001000
Val loss: 7.51725
-----------------------------------------------------------------------------------------
| end of epoch  47 | time: 12.90s | epoch loss 8.455764 |
-----------------------------------------------------------------------------------------
 [   48] (    0/   24) | ms/batch 157.3846 | loss 8.168200 | avg loss 8.168200 | lr 0.0001000
Val loss: 7.88933
-----------------------------------------------------------------------------------------
| end of epoch  48 | time: 12.50s | epoch loss 8.275786 |
-----------------------------------------------------------------------------------------
 [   49] (    0/   24) | ms/batch 158.2432 | loss 7.853201 | avg loss 7.853201 | lr 0.0001000
Val loss: 7.48780
-----------------------------------------------------------------------------------------
| end of epoch  49 | time: 12.68s | epoch loss 8.667808 |
-----------------------------------------------------------------------------------------
 [   50] (    0/   24) | ms/batch 154.7966 | loss 7.525165 | avg loss 7.525165 | lr 0.0001000
Val loss: 10.59207
-----------------------------------------------------------------------------------------
| end of epoch  50 | time: 12.94s | epoch loss 8.234240 |
-----------------------------------------------------------------------------------------
 [   51] (    0/   24) | ms/batch 158.3955 | loss 9.146904 | avg loss 9.146904 | lr 0.0001000
Val loss: 7.20408
-----------------------------------------------------------------------------------------
| end of epoch  51 | time: 12.76s | epoch loss 9.319171 |
-----------------------------------------------------------------------------------------
 [   52] (    0/   24) | ms/batch 158.8118 | loss 8.860058 | avg loss 8.860058 | lr 0.0001000
Val loss: 7.60275
-----------------------------------------------------------------------------------------
| end of epoch  52 | time: 13.52s | epoch loss 8.372108 |
-----------------------------------------------------------------------------------------
 [   53] (    0/   24) | ms/batch 158.5808 | loss 9.014482 | avg loss 9.014482 | lr 0.0001000
Val loss: 8.45484
-----------------------------------------------------------------------------------------
| end of epoch  53 | time: 12.99s | epoch loss 8.881000 |
-----------------------------------------------------------------------------------------
 [   54] (    0/   24) | ms/batch 158.2298 | loss 9.595727 | avg loss 9.595727 | lr 0.0001000
Val loss: 7.47607
-----------------------------------------------------------------------------------------
| end of epoch  54 | time: 12.59s | epoch loss 8.640056 |
-----------------------------------------------------------------------------------------
 [   55] (    0/   24) | ms/batch 155.9913 | loss 9.997046 | avg loss 9.997046 | lr 0.0001000
Val loss: 8.55706
-----------------------------------------------------------------------------------------
| end of epoch  55 | time: 13.21s | epoch loss 8.840001 |
-----------------------------------------------------------------------------------------
 [   56] (    0/   24) | ms/batch 158.4153 | loss 9.189164 | avg loss 9.189164 | lr 0.0001000
Val loss: 7.84835
-----------------------------------------------------------------------------------------
| end of epoch  56 | time: 12.83s | epoch loss 8.782013 |
-----------------------------------------------------------------------------------------
 [   57] (    0/   24) | ms/batch 154.7699 | loss 8.129853 | avg loss 8.129853 | lr 0.0001000
Val loss: 8.24316
-----------------------------------------------------------------------------------------
| end of epoch  57 | time: 13.53s | epoch loss 8.327740 |
-----------------------------------------------------------------------------------------
 [   58] (    0/   24) | ms/batch 158.4320 | loss 11.492404 | avg loss 11.492404 | lr 0.0001000
Val loss: 8.01945
-----------------------------------------------------------------------------------------
| end of epoch  58 | time: 12.45s | epoch loss 8.511729 |
-----------------------------------------------------------------------------------------
 [   59] (    0/   24) | ms/batch 158.8454 | loss 7.521153 | avg loss 7.521153 | lr 0.0001000
Val loss: 7.70555
-----------------------------------------------------------------------------------------
| end of epoch  59 | time: 12.43s | epoch loss 8.827146 |
-----------------------------------------------------------------------------------------
 [   60] (    0/   24) | ms/batch 158.1550 | loss 10.600333 | avg loss 10.600333 | lr 0.0001000
Val loss: 8.24289
-----------------------------------------------------------------------------------------
| end of epoch  60 | time: 12.82s | epoch loss 8.676319 |
-----------------------------------------------------------------------------------------
 [   61] (    0/   24) | ms/batch 158.2012 | loss 7.855626 | avg loss 7.855626 | lr 0.0001000
Val loss: 7.56761
-----------------------------------------------------------------------------------------
| end of epoch  61 | time: 12.70s | epoch loss 8.586980 |
-----------------------------------------------------------------------------------------
 [   62] (    0/   24) | ms/batch 158.5541 | loss 8.107768 | avg loss 8.107768 | lr 0.0001000
Val loss: 7.30977
-----------------------------------------------------------------------------------------
| end of epoch  62 | time: 12.67s | epoch loss 8.949912 |
-----------------------------------------------------------------------------------------
 [   63] (    0/   24) | ms/batch 159.1642 | loss 6.623986 | avg loss 6.623986 | lr 0.0001000
Val loss: 8.02140
-----------------------------------------------------------------------------------------
| end of epoch  63 | time: 12.62s | epoch loss 8.211107 |
-----------------------------------------------------------------------------------------
 [   64] (    0/   24) | ms/batch 158.5851 | loss 8.621084 | avg loss 8.621084 | lr 0.0001000
Val loss: 8.17964
-----------------------------------------------------------------------------------------
| end of epoch  64 | time: 13.92s | epoch loss 8.349313 |
-----------------------------------------------------------------------------------------
 [   65] (    0/   24) | ms/batch 158.1268 | loss 8.853629 | avg loss 8.853629 | lr 0.0001000
Val loss: 9.16855
-----------------------------------------------------------------------------------------
| end of epoch  65 | time: 39.95s | epoch loss 8.451406 |
-----------------------------------------------------------------------------------------
 [   66] (    0/   24) | ms/batch 158.9367 | loss 8.011363 | avg loss 8.011363 | lr 0.0001000
Val loss: 7.48071
-----------------------------------------------------------------------------------------
| end of epoch  66 | time: 12.99s | epoch loss 9.017631 |
-----------------------------------------------------------------------------------------
 [   67] (    0/   24) | ms/batch 158.3841 | loss 7.118646 | avg loss 7.118646 | lr 0.0001000
Val loss: 7.91682
-----------------------------------------------------------------------------------------
| end of epoch  67 | time: 12.62s | epoch loss 9.297644 |
-----------------------------------------------------------------------------------------
 [   68] (    0/   24) | ms/batch 159.3466 | loss 9.769252 | avg loss 9.769252 | lr 0.0001000
Val loss: 7.84347
-----------------------------------------------------------------------------------------
| end of epoch  68 | time: 13.99s | epoch loss 8.672831 |
-----------------------------------------------------------------------------------------
 [   69] (    0/   24) | ms/batch 158.7918 | loss 8.546635 | avg loss 8.546635 | lr 0.0001000
Val loss: 9.06984
-----------------------------------------------------------------------------------------
| end of epoch  69 | time: 12.23s | epoch loss 9.030727 |
-----------------------------------------------------------------------------------------
 [   70] (    0/   24) | ms/batch 158.5951 | loss 7.516999 | avg loss 7.516999 | lr 0.0001000
Val loss: 8.55342
-----------------------------------------------------------------------------------------
| end of epoch  70 | time: 12.65s | epoch loss 8.625528 |
-----------------------------------------------------------------------------------------
 [   71] (    0/   24) | ms/batch 158.6823 | loss 9.212348 | avg loss 9.212348 | lr 0.0001000
Val loss: 7.43077
-----------------------------------------------------------------------------------------
| end of epoch  71 | time: 13.01s | epoch loss 8.278305 |
-----------------------------------------------------------------------------------------
 [   72] (    0/   24) | ms/batch 152.6401 | loss 9.500770 | avg loss 9.500770 | lr 0.0001000
Val loss: 7.05501
-----------------------------------------------------------------------------------------
| end of epoch  72 | time: 12.76s | epoch loss 8.317715 |
-----------------------------------------------------------------------------------------
 [   73] (    0/   24) | ms/batch 157.7866 | loss 7.180321 | avg loss 7.180321 | lr 0.0001000
Val loss: 7.74381
-----------------------------------------------------------------------------------------
| end of epoch  73 | time: 12.67s | epoch loss 8.039620 |
-----------------------------------------------------------------------------------------
 [   74] (    0/   24) | ms/batch 157.7103 | loss 7.197468 | avg loss 7.197468 | lr 0.0001000
Val loss: 7.56850
-----------------------------------------------------------------------------------------
| end of epoch  74 | time: 13.39s | epoch loss 8.349756 |
-----------------------------------------------------------------------------------------
 [   75] (    0/   24) | ms/batch 158.8612 | loss 8.727971 | avg loss 8.727971 | lr 0.0001000
Val loss: 7.40349
-----------------------------------------------------------------------------------------
| end of epoch  75 | time: 12.72s | epoch loss 8.681525 |
-----------------------------------------------------------------------------------------
 [   76] (    0/   24) | ms/batch 153.3539 | loss 6.994626 | avg loss 6.994626 | lr 0.0001000
Val loss: 7.41628
-----------------------------------------------------------------------------------------
| end of epoch  76 | time: 12.71s | epoch loss 8.619435 |
-----------------------------------------------------------------------------------------
 [   77] (    0/   24) | ms/batch 158.5002 | loss 9.015437 | avg loss 9.015437 | lr 0.0001000
Val loss: 7.30384
-----------------------------------------------------------------------------------------
| end of epoch  77 | time: 14.33s | epoch loss 8.205016 |
-----------------------------------------------------------------------------------------
 [   78] (    0/   24) | ms/batch 152.4811 | loss 10.021472 | avg loss 10.021472 | lr 0.0001000
Val loss: 8.38186
-----------------------------------------------------------------------------------------
| end of epoch  78 | time: 12.64s | epoch loss 8.689664 |
-----------------------------------------------------------------------------------------
 [   79] (    0/   24) | ms/batch 157.9101 | loss 11.583044 | avg loss 11.583044 | lr 0.0001000
Val loss: 7.36256
-----------------------------------------------------------------------------------------
| end of epoch  79 | time: 12.67s | epoch loss 8.702227 |
-----------------------------------------------------------------------------------------
 [   80] (    0/   24) | ms/batch 154.1760 | loss 7.412451 | avg loss 7.412451 | lr 0.0001000
Val loss: 7.62431
-----------------------------------------------------------------------------------------
| end of epoch  80 | time: 12.58s | epoch loss 8.621977 |
-----------------------------------------------------------------------------------------
 [   81] (    0/   24) | ms/batch 157.7585 | loss 6.363592 | avg loss 6.363592 | lr 0.0001000
Val loss: 7.63126
-----------------------------------------------------------------------------------------
| end of epoch  81 | time: 13.57s | epoch loss 8.235559 |
-----------------------------------------------------------------------------------------
 [   82] (    0/   24) | ms/batch 158.8652 | loss 6.402268 | avg loss 6.402268 | lr 0.0001000
Val loss: 7.55211
-----------------------------------------------------------------------------------------
| end of epoch  82 | time: 13.70s | epoch loss 8.045864 |
-----------------------------------------------------------------------------------------
 [   83] (    0/   24) | ms/batch 158.5550 | loss 9.555530 | avg loss 9.555530 | lr 0.0001000
Val loss: 8.18467
-----------------------------------------------------------------------------------------
| end of epoch  83 | time: 12.95s | epoch loss 8.469848 |
-----------------------------------------------------------------------------------------
 [   84] (    0/   24) | ms/batch 159.1406 | loss 7.433443 | avg loss 7.433443 | lr 0.0001000
Val loss: 7.71939
-----------------------------------------------------------------------------------------
| end of epoch  84 | time: 12.64s | epoch loss 8.628849 |
-----------------------------------------------------------------------------------------
 [   85] (    0/   24) | ms/batch 158.6282 | loss 7.162148 | avg loss 7.162148 | lr 0.0001000
Val loss: 7.88106
-----------------------------------------------------------------------------------------
| end of epoch  85 | time: 23.04s | epoch loss 7.955067 |
-----------------------------------------------------------------------------------------
 [   86] (    0/   24) | ms/batch 159.1501 | loss 6.230836 | avg loss 6.230836 | lr 0.0001000
Val loss: 7.59103
-----------------------------------------------------------------------------------------
| end of epoch  86 | time: 12.35s | epoch loss 8.598053 |
-----------------------------------------------------------------------------------------
 [   87] (    0/   24) | ms/batch 158.1655 | loss 9.505804 | avg loss 9.505804 | lr 0.0001000
Val loss: 7.81733
-----------------------------------------------------------------------------------------
| end of epoch  87 | time: 13.21s | epoch loss 8.664133 |
-----------------------------------------------------------------------------------------
 [   88] (    0/   24) | ms/batch 154.4664 | loss 6.131368 | avg loss 6.131368 | lr 0.0001000
Val loss: 8.06329
-----------------------------------------------------------------------------------------
| end of epoch  88 | time: 12.96s | epoch loss 8.478658 |
-----------------------------------------------------------------------------------------
 [   89] (    0/   24) | ms/batch 158.4766 | loss 8.303881 | avg loss 8.303881 | lr 0.0001000
Val loss: 7.32292
-----------------------------------------------------------------------------------------
| end of epoch  89 | time: 12.99s | epoch loss 8.514013 |
-----------------------------------------------------------------------------------------
 [   90] (    0/   24) | ms/batch 158.5131 | loss 11.000327 | avg loss 11.000327 | lr 0.0001000
Val loss: 8.34003
-----------------------------------------------------------------------------------------
| end of epoch  90 | time: 12.98s | epoch loss 8.623888 |
-----------------------------------------------------------------------------------------
 [   91] (    0/   24) | ms/batch 154.0320 | loss 10.414192 | avg loss 10.414192 | lr 0.0001000
Val loss: 8.25804
-----------------------------------------------------------------------------------------
| end of epoch  91 | time: 12.72s | epoch loss 8.252960 |
-----------------------------------------------------------------------------------------
 [   92] (    0/   24) | ms/batch 158.5350 | loss 9.343126 | avg loss 9.343126 | lr 0.0001000
Val loss: 7.45144
-----------------------------------------------------------------------------------------
| end of epoch  92 | time: 12.72s | epoch loss 8.111296 |
-----------------------------------------------------------------------------------------
 [   93] (    0/   24) | ms/batch 152.3926 | loss 8.212436 | avg loss 8.212436 | lr 0.0001000
Val loss: 8.28413
-----------------------------------------------------------------------------------------
| end of epoch  93 | time: 12.59s | epoch loss 8.144458 |
-----------------------------------------------------------------------------------------
 [   94] (    0/   24) | ms/batch 156.0030 | loss 10.145271 | avg loss 10.145271 | lr 0.0001000
Val loss: 9.80907
-----------------------------------------------------------------------------------------
| end of epoch  94 | time: 12.96s | epoch loss 8.969368 |
-----------------------------------------------------------------------------------------
 [   95] (    0/   24) | ms/batch 157.2566 | loss 8.644831 | avg loss 8.644831 | lr 0.0001000
Val loss: 7.29434
-----------------------------------------------------------------------------------------
| end of epoch  95 | time: 12.65s | epoch loss 9.229785 |
-----------------------------------------------------------------------------------------
 [   96] (    0/   24) | ms/batch 153.4023 | loss 6.917684 | avg loss 6.917684 | lr 0.0001000
Val loss: 7.41193
-----------------------------------------------------------------------------------------
| end of epoch  96 | time: 13.17s | epoch loss 8.315165 |
-----------------------------------------------------------------------------------------
 [   97] (    0/   24) | ms/batch 158.4120 | loss 8.843431 | avg loss 8.843431 | lr 0.0001000
Val loss: 7.69332
-----------------------------------------------------------------------------------------
| end of epoch  97 | time: 35.99s | epoch loss 8.473087 |
-----------------------------------------------------------------------------------------
 [   98] (    0/   24) | ms/batch 153.4460 | loss 10.425676 | avg loss 10.425676 | lr 0.0001000
Val loss: 9.96963
-----------------------------------------------------------------------------------------
| end of epoch  98 | time: 13.43s | epoch loss 8.740512 |
-----------------------------------------------------------------------------------------
 [   99] (    0/   24) | ms/batch 158.0606 | loss 11.889430 | avg loss 11.889430 | lr 0.0001000
Val loss: 8.37169
-----------------------------------------------------------------------------------------
| end of epoch  99 | time: 13.66s | epoch loss 9.318035 |
-----------------------------------------------------------------------------------------
 [  100] (    0/   24) | ms/batch 158.3211 | loss 7.076235 | avg loss 7.076235 | lr 0.0001000
Val loss: 7.84137
-----------------------------------------------------------------------------------------
| end of epoch 100 | time: 13.32s | epoch loss 8.264600 |
-----------------------------------------------------------------------------------------
 [  101] (    0/   24) | ms/batch 158.0808 | loss 8.982154 | avg loss 8.982154 | lr 0.0001000
Val loss: 7.47206
-----------------------------------------------------------------------------------------
| end of epoch 101 | time: 12.70s | epoch loss 7.950120 |
-----------------------------------------------------------------------------------------
 [  102] (    0/   24) | ms/batch 158.3245 | loss 10.895220 | avg loss 10.895220 | lr 0.0001000
Val loss: 8.36430
-----------------------------------------------------------------------------------------
| end of epoch 102 | time: 30.54s | epoch loss 8.456357 |
-----------------------------------------------------------------------------------------
 [  103] (    0/   24) | ms/batch 158.6313 | loss 8.666964 | avg loss 8.666964 | lr 0.0001000
Val loss: 8.24617
-----------------------------------------------------------------------------------------
| end of epoch 103 | time: 12.68s | epoch loss 8.204708 |
-----------------------------------------------------------------------------------------
 [  104] (    0/   24) | ms/batch 158.6754 | loss 8.651675 | avg loss 8.651675 | lr 0.0001000
Val loss: 7.65416
-----------------------------------------------------------------------------------------
| end of epoch 104 | time: 12.55s | epoch loss 8.534864 |
-----------------------------------------------------------------------------------------
 [  105] (    0/   24) | ms/batch 158.4299 | loss 6.812445 | avg loss 6.812445 | lr 0.0001000
Val loss: 7.80578
-----------------------------------------------------------------------------------------
| end of epoch 105 | time: 12.91s | epoch loss 8.379921 |
-----------------------------------------------------------------------------------------
 [  106] (    0/   24) | ms/batch 157.4368 | loss 7.164568 | avg loss 7.164568 | lr 0.0001000
Val loss: 7.85823
-----------------------------------------------------------------------------------------
| end of epoch 106 | time: 13.22s | epoch loss 8.446962 |
-----------------------------------------------------------------------------------------
 [  107] (    0/   24) | ms/batch 152.5896 | loss 8.514560 | avg loss 8.514560 | lr 0.0001000
Val loss: 7.33606
-----------------------------------------------------------------------------------------
| end of epoch 107 | time: 12.94s | epoch loss 8.100691 |
-----------------------------------------------------------------------------------------
 [  108] (    0/   24) | ms/batch 158.4249 | loss 10.424193 | avg loss 10.424193 | lr 0.0001000
Val loss: 8.60389
-----------------------------------------------------------------------------------------
| end of epoch 108 | time: 14.97s | epoch loss 8.109213 |
-----------------------------------------------------------------------------------------
 [  109] (    0/   24) | ms/batch 158.4659 | loss 7.664808 | avg loss 7.664808 | lr 0.0001000
Val loss: 7.27675
-----------------------------------------------------------------------------------------
| end of epoch 109 | time: 13.82s | epoch loss 8.452915 |
-----------------------------------------------------------------------------------------
 [  110] (    0/   24) | ms/batch 157.7375 | loss 6.790731 | avg loss 6.790731 | lr 0.0001000
Val loss: 7.70994
-----------------------------------------------------------------------------------------
| end of epoch 110 | time: 12.72s | epoch loss 8.396255 |
-----------------------------------------------------------------------------------------
 [  111] (    0/   24) | ms/batch 154.0525 | loss 6.179880 | avg loss 6.179880 | lr 0.0001000
Val loss: 7.24700
-----------------------------------------------------------------------------------------
| end of epoch 111 | time: 12.79s | epoch loss 8.071355 |
-----------------------------------------------------------------------------------------
 [  112] (    0/   24) | ms/batch 158.5855 | loss 10.628445 | avg loss 10.628445 | lr 0.0001000
Val loss: 8.09090
-----------------------------------------------------------------------------------------
| end of epoch 112 | time: 13.36s | epoch loss 8.314930 |
-----------------------------------------------------------------------------------------
 [  113] (    0/   24) | ms/batch 158.4060 | loss 6.346590 | avg loss 6.346590 | lr 0.0001000
Val loss: 7.80237
-----------------------------------------------------------------------------------------
| end of epoch 113 | time: 12.57s | epoch loss 7.961978 |
-----------------------------------------------------------------------------------------
 [  114] (    0/   24) | ms/batch 152.6883 | loss 6.238871 | avg loss 6.238871 | lr 0.0001000
Val loss: 7.89449
-----------------------------------------------------------------------------------------
| end of epoch 114 | time: 14.37s | epoch loss 8.507815 |
-----------------------------------------------------------------------------------------
 [  115] (    0/   24) | ms/batch 152.5202 | loss 8.643399 | avg loss 8.643399 | lr 0.0001000
Val loss: 7.41416
-----------------------------------------------------------------------------------------
| end of epoch 115 | time: 14.47s | epoch loss 8.455986 |
-----------------------------------------------------------------------------------------
 [  116] (    0/   24) | ms/batch 158.4680 | loss 6.988936 | avg loss 6.988936 | lr 0.0001000
Val loss: 7.41330
-----------------------------------------------------------------------------------------
| end of epoch 116 | time: 13.28s | epoch loss 8.282744 |
-----------------------------------------------------------------------------------------
 [  117] (    0/   24) | ms/batch 158.5245 | loss 6.723915 | avg loss 6.723915 | lr 0.0001000
Val loss: 7.67812
-----------------------------------------------------------------------------------------
| end of epoch 117 | time: 13.74s | epoch loss 8.303765 |
-----------------------------------------------------------------------------------------
 [  118] (    0/   24) | ms/batch 158.2742 | loss 8.745471 | avg loss 8.745471 | lr 0.0001000
Val loss: 7.26660
-----------------------------------------------------------------------------------------
| end of epoch 118 | time: 13.68s | epoch loss 8.087664 |
-----------------------------------------------------------------------------------------
 [  119] (    0/   24) | ms/batch 158.4342 | loss 7.154474 | avg loss 7.154474 | lr 0.0001000
Val loss: 7.26484
-----------------------------------------------------------------------------------------
| end of epoch 119 | time: 13.73s | epoch loss 8.359024 |
-----------------------------------------------------------------------------------------
 [  120] (    0/   24) | ms/batch 154.0146 | loss 8.722808 | avg loss 8.722808 | lr 0.0001000
Val loss: 7.52738
-----------------------------------------------------------------------------------------
| end of epoch 120 | time: 13.42s | epoch loss 8.181114 |
-----------------------------------------------------------------------------------------
 [  121] (    0/   24) | ms/batch 153.8341 | loss 9.437098 | avg loss 9.437098 | lr 0.0001000
Val loss: 7.88992
-----------------------------------------------------------------------------------------
| end of epoch 121 | time: 13.87s | epoch loss 8.649558 |
-----------------------------------------------------------------------------------------
 [  122] (    0/   24) | ms/batch 152.6785 | loss 10.513082 | avg loss 10.513082 | lr 0.0001000
Val loss: 7.32092
-----------------------------------------------------------------------------------------
| end of epoch 122 | time: 14.02s | epoch loss 7.931958 |
-----------------------------------------------------------------------------------------
 [  123] (    0/   24) | ms/batch 152.6725 | loss 9.227090 | avg loss 9.227090 | lr 0.0001000
Val loss: 7.25304
-----------------------------------------------------------------------------------------
| end of epoch 123 | time: 14.50s | epoch loss 8.062930 |
-----------------------------------------------------------------------------------------
 [  124] (    0/   24) | ms/batch 154.3510 | loss 8.398128 | avg loss 8.398128 | lr 0.0001000
Val loss: 8.55921
-----------------------------------------------------------------------------------------
| end of epoch 124 | time: 13.07s | epoch loss 8.457444 |
-----------------------------------------------------------------------------------------
 [  125] (    0/   24) | ms/batch 158.6447 | loss 8.792310 | avg loss 8.792310 | lr 0.0001000
Val loss: 8.04677
-----------------------------------------------------------------------------------------
| end of epoch 125 | time: 13.72s | epoch loss 8.251061 |
-----------------------------------------------------------------------------------------
 [  126] (    0/   24) | ms/batch 158.2093 | loss 8.759581 | avg loss 8.759581 | lr 0.0001000
Val loss: 7.54194
-----------------------------------------------------------------------------------------
| end of epoch 126 | time: 13.19s | epoch loss 8.112583 |
-----------------------------------------------------------------------------------------
 [  127] (    0/   24) | ms/batch 157.6736 | loss 11.680666 | avg loss 11.680666 | lr 0.0001000
Val loss: 7.50585
-----------------------------------------------------------------------------------------
| end of epoch 127 | time: 13.96s | epoch loss 8.062008 |
-----------------------------------------------------------------------------------------
 [  128] (    0/   24) | ms/batch 158.3271 | loss 7.280182 | avg loss 7.280182 | lr 0.0001000
Val loss: 7.74359
-----------------------------------------------------------------------------------------
| end of epoch 128 | time: 44.28s | epoch loss 8.312516 |
-----------------------------------------------------------------------------------------
 [  129] (    0/   24) | ms/batch 156.1484 | loss 8.997613 | avg loss 8.997613 | lr 0.0001000
Val loss: 7.82367
-----------------------------------------------------------------------------------------
| end of epoch 129 | time: 13.92s | epoch loss 8.201954 |
-----------------------------------------------------------------------------------------
 [  130] (    0/   24) | ms/batch 158.9811 | loss 8.104560 | avg loss 8.104560 | lr 0.0001000
Val loss: 7.77773
-----------------------------------------------------------------------------------------
| end of epoch 130 | time: 13.23s | epoch loss 8.260687 |
-----------------------------------------------------------------------------------------
 [  131] (    0/   24) | ms/batch 158.9069 | loss 8.682670 | avg loss 8.682670 | lr 0.0001000
Val loss: 7.59111
-----------------------------------------------------------------------------------------
| end of epoch 131 | time: 13.95s | epoch loss 7.858791 |
-----------------------------------------------------------------------------------------
 [  132] (    0/   24) | ms/batch 153.3918 | loss 9.242721 | avg loss 9.242721 | lr 0.0001000
Val loss: 9.56596
-----------------------------------------------------------------------------------------
| end of epoch 132 | time: 13.52s | epoch loss 7.920914 |
-----------------------------------------------------------------------------------------
 [  133] (    0/   24) | ms/batch 158.6254 | loss 14.661791 | avg loss 14.661791 | lr 0.0001000
Val loss: 7.85233
-----------------------------------------------------------------------------------------
| end of epoch 133 | time: 13.84s | epoch loss 8.606023 |
-----------------------------------------------------------------------------------------
 [  134] (    0/   24) | ms/batch 154.2530 | loss 9.125513 | avg loss 9.125513 | lr 0.0001000
Val loss: 7.84207
-----------------------------------------------------------------------------------------
| end of epoch 134 | time: 13.54s | epoch loss 8.420860 |
-----------------------------------------------------------------------------------------
 [  135] (    0/   24) | ms/batch 158.5429 | loss 9.325658 | avg loss 9.325658 | lr 0.0001000
Val loss: 7.52599
-----------------------------------------------------------------------------------------
| end of epoch 135 | time: 13.30s | epoch loss 8.311333 |
-----------------------------------------------------------------------------------------
 [  136] (    0/   24) | ms/batch 158.3743 | loss 8.942953 | avg loss 8.942953 | lr 0.0001000
Val loss: 7.28583
-----------------------------------------------------------------------------------------
| end of epoch 136 | time: 13.58s | epoch loss 8.281754 |
-----------------------------------------------------------------------------------------
 [  137] (    0/   24) | ms/batch 158.7911 | loss 7.408748 | avg loss 7.408748 | lr 0.0001000
Val loss: 8.31369
-----------------------------------------------------------------------------------------
| end of epoch 137 | time: 13.75s | epoch loss 8.124190 |
-----------------------------------------------------------------------------------------
 [  138] (    0/   24) | ms/batch 157.2156 | loss 8.232718 | avg loss 8.232718 | lr 0.0001000
Val loss: 7.82652
-----------------------------------------------------------------------------------------
| end of epoch 138 | time: 13.57s | epoch loss 8.451811 |
-----------------------------------------------------------------------------------------
 [  139] (    0/   24) | ms/batch 152.4775 | loss 7.830826 | avg loss 7.830826 | lr 0.0001000
Val loss: 7.56845
-----------------------------------------------------------------------------------------
| end of epoch 139 | time: 14.14s | epoch loss 8.386606 |
-----------------------------------------------------------------------------------------
 [  140] (    0/   24) | ms/batch 157.7928 | loss 8.863143 | avg loss 8.863143 | lr 0.0001000
Val loss: 7.89667
-----------------------------------------------------------------------------------------
| end of epoch 140 | time: 14.57s | epoch loss 8.299866 |
-----------------------------------------------------------------------------------------
 [  141] (    0/   24) | ms/batch 158.0007 | loss 10.698250 | avg loss 10.698250 | lr 0.0001000
Val loss: 7.83294
-----------------------------------------------------------------------------------------
| end of epoch 141 | time: 13.66s | epoch loss 8.124664 |
-----------------------------------------------------------------------------------------
 [  142] (    0/   24) | ms/batch 158.9723 | loss 7.294667 | avg loss 7.294667 | lr 0.0001000
Val loss: 7.25213
-----------------------------------------------------------------------------------------
| end of epoch 142 | time: 14.50s | epoch loss 8.483181 |
-----------------------------------------------------------------------------------------
 [  143] (    0/   24) | ms/batch 158.7503 | loss 7.882881 | avg loss 7.882881 | lr 0.0001000
Val loss: 7.45926
-----------------------------------------------------------------------------------------
| end of epoch 143 | time: 13.81s | epoch loss 8.396500 |
-----------------------------------------------------------------------------------------
 [  144] (    0/   24) | ms/batch 156.1069 | loss 9.481534 | avg loss 9.481534 | lr 0.0001000
Val loss: 7.36282
-----------------------------------------------------------------------------------------
| end of epoch 144 | time: 13.53s | epoch loss 8.129883 |
-----------------------------------------------------------------------------------------
 [  145] (    0/   24) | ms/batch 158.6599 | loss 8.362373 | avg loss 8.362373 | lr 0.0001000
Val loss: 7.48495
-----------------------------------------------------------------------------------------
| end of epoch 145 | time: 13.80s | epoch loss 8.401769 |
-----------------------------------------------------------------------------------------
 [  146] (    0/   24) | ms/batch 158.5541 | loss 8.978951 | avg loss 8.978951 | lr 0.0001000
Val loss: 7.44839
-----------------------------------------------------------------------------------------
| end of epoch 146 | time: 14.34s | epoch loss 8.526535 |
-----------------------------------------------------------------------------------------
 [  147] (    0/   24) | ms/batch 158.7970 | loss 9.790175 | avg loss 9.790175 | lr 0.0001000
Val loss: 7.52364
-----------------------------------------------------------------------------------------
| end of epoch 147 | time: 12.97s | epoch loss 7.901811 |
-----------------------------------------------------------------------------------------
 [  148] (    0/   24) | ms/batch 151.7045 | loss 9.215660 | avg loss 9.215660 | lr 0.0001000
Val loss: 7.99976
-----------------------------------------------------------------------------------------
| end of epoch 148 | time: 13.59s | epoch loss 8.277691 |
-----------------------------------------------------------------------------------------
 [  149] (    0/   24) | ms/batch 157.9878 | loss 7.882354 | avg loss 7.882354 | lr 0.0001000
Val loss: 7.71724
-----------------------------------------------------------------------------------------
| end of epoch 149 | time: 14.08s | epoch loss 8.795802 |
-----------------------------------------------------------------------------------------
 [  150] (    0/   24) | ms/batch 158.6807 | loss 9.063930 | avg loss 9.063930 | lr 0.0001000
Val loss: 7.41219
-----------------------------------------------------------------------------------------
| end of epoch 150 | time: 14.21s | epoch loss 8.602177 |
-----------------------------------------------------------------------------------------
