nohup: ignoring input
Argument list to program
--relative_age True
--chronological_age True
--gender_multiplier True
--use_gut_microbiome True
--use_pe_performance True
--cropped False
--dataset KG
--data_train /private/workspace/cyt/bone_age_assessment/data/data_yuwei/train
--heatmaps_train ./experiments/best_experiment/KG/with_gut_pe/HEATMAPS_TRAIN
--ann_path_train /private/workspace/cyt/bone_age_assessment/data/data_yuwei/annotations/train_ann.csv
--rois_path_train /private/workspace/cyt/bone_age_assessment/data/RSNA/annotations/RSNA_Anatomical_ROIs_Training.json
--data_val /private/workspace/cyt/bone_age_assessment/data/data_yuwei/val
--heatmaps_val ./experiments/best_experiment/KG/with_gut_pe/HEATMAPS_VAL
--ann_path_val /private/workspace/cyt/bone_age_assessment/data/data_yuwei/annotations/val_ann.csv
--rois_path_val /private/workspace/cyt/bone_age_assessment/data/RSNA/annotations/RSNA_Anatomical_ROIs_Validation.json
--trainval True
--save_folder ./experiments/best_experiment/KG/with_gut_pe
--snapshot ./experiments/best_experiment/KG/with_gut_pe/boneage_bonet_snapshot.pth
--optim_snapshot ./experiments/best_experiment/KG/with_gut_pe/boneage_bonet_optim.pth
--eval_first True
--workers 25
--batch_size 20
--epochs 150
--lr 0.0001
--patience 2
--start_epoch 0
--seed 1111
--log_interval 30
--gpu 0
--rank 0



---> Number of params: 123636907
Train begins...
Relative val loss: 336271848172.73120
Absolute val loss: 336271848172.73120
 [    0] (    0/   24) | ms/batch 250.1025 | loss 47.868355 | avg loss 47.868355 | lr 0.0001000
Relative val loss: 25.22176
Absolute val loss: 25.22176
-----------------------------------------------------------------------------------------
| end of epoch   0 | time: 12.61s | epoch loss 54.261214 |
-----------------------------------------------------------------------------------------
 [    1] (    0/   24) | ms/batch 158.9947 | loss 21.751745 | avg loss 21.751745 | lr 0.0001000
Relative val loss: 14.32085
Absolute val loss: 14.32085
-----------------------------------------------------------------------------------------
| end of epoch   1 | time: 13.03s | epoch loss 20.875632 |
-----------------------------------------------------------------------------------------
 [    2] (    0/   24) | ms/batch 158.3152 | loss 18.197042 | avg loss 18.197042 | lr 0.0001000
Relative val loss: 12.93407
Absolute val loss: 12.93407
-----------------------------------------------------------------------------------------
| end of epoch   2 | time: 13.05s | epoch loss 21.154890 |
-----------------------------------------------------------------------------------------
 [    3] (    0/   24) | ms/batch 159.1475 | loss 14.429889 | avg loss 14.429889 | lr 0.0001000
Relative val loss: 16.25201
Absolute val loss: 16.25201
-----------------------------------------------------------------------------------------
| end of epoch   3 | time: 14.47s | epoch loss 17.012772 |
-----------------------------------------------------------------------------------------
 [    4] (    0/   24) | ms/batch 159.2543 | loss 21.916645 | avg loss 21.916645 | lr 0.0001000
Relative val loss: 10.37163
Absolute val loss: 10.37163
-----------------------------------------------------------------------------------------
| end of epoch   4 | time: 13.46s | epoch loss 16.963920 |
-----------------------------------------------------------------------------------------
 [    5] (    0/   24) | ms/batch 155.0632 | loss 9.646939 | avg loss 9.646939 | lr 0.0001000
Relative val loss: 13.32883
Absolute val loss: 13.32883
-----------------------------------------------------------------------------------------
| end of epoch   5 | time: 13.12s | epoch loss 14.229148 |
-----------------------------------------------------------------------------------------
 [    6] (    0/   24) | ms/batch 159.1904 | loss 15.174608 | avg loss 15.174608 | lr 0.0001000
Relative val loss: 10.77145
Absolute val loss: 10.77145
-----------------------------------------------------------------------------------------
| end of epoch   6 | time: 14.32s | epoch loss 15.546912 |
-----------------------------------------------------------------------------------------
 [    7] (    0/   24) | ms/batch 153.8494 | loss 17.586615 | avg loss 17.586615 | lr 0.0001000
Relative val loss: 8.88657
Absolute val loss: 8.88657
-----------------------------------------------------------------------------------------
| end of epoch   7 | time: 13.41s | epoch loss 14.190644 |
-----------------------------------------------------------------------------------------
 [    8] (    0/   24) | ms/batch 159.4555 | loss 13.084518 | avg loss 13.084518 | lr 0.0001000
Relative val loss: 8.85811
Absolute val loss: 8.85811
-----------------------------------------------------------------------------------------
| end of epoch   8 | time: 13.37s | epoch loss 13.300875 |
-----------------------------------------------------------------------------------------
 [    9] (    0/   24) | ms/batch 159.8306 | loss 9.171280 | avg loss 9.171280 | lr 0.0001000
Relative val loss: 10.17285
Absolute val loss: 10.17285
-----------------------------------------------------------------------------------------
| end of epoch   9 | time: 15.10s | epoch loss 13.189036 |
-----------------------------------------------------------------------------------------
 [   10] (    0/   24) | ms/batch 152.5791 | loss 12.507408 | avg loss 12.507408 | lr 0.0001000
Relative val loss: 10.08870
Absolute val loss: 10.08869
-----------------------------------------------------------------------------------------
| end of epoch  10 | time: 14.04s | epoch loss 12.272110 |
-----------------------------------------------------------------------------------------
 [   11] (    0/   24) | ms/batch 158.6058 | loss 12.680415 | avg loss 12.680415 | lr 0.0001000
Relative val loss: 10.10825
Absolute val loss: 10.10825
-----------------------------------------------------------------------------------------
| end of epoch  11 | time: 13.48s | epoch loss 12.121415 |
-----------------------------------------------------------------------------------------
 [   12] (    0/   24) | ms/batch 158.8454 | loss 15.819623 | avg loss 15.819623 | lr 0.0001000
Relative val loss: 7.95624
Absolute val loss: 7.95624
-----------------------------------------------------------------------------------------
| end of epoch  12 | time: 13.34s | epoch loss 11.465923 |
-----------------------------------------------------------------------------------------
 [   13] (    0/   24) | ms/batch 158.1836 | loss 9.976372 | avg loss 9.976372 | lr 0.0001000
Relative val loss: 9.17249
Absolute val loss: 9.17249
-----------------------------------------------------------------------------------------
| end of epoch  13 | time: 13.46s | epoch loss 11.466444 |
-----------------------------------------------------------------------------------------
 [   14] (    0/   24) | ms/batch 153.5344 | loss 10.099418 | avg loss 10.099418 | lr 0.0001000
Relative val loss: 11.01416
Absolute val loss: 11.01416
-----------------------------------------------------------------------------------------
| end of epoch  14 | time: 13.34s | epoch loss 10.473307 |
-----------------------------------------------------------------------------------------
 [   15] (    0/   24) | ms/batch 158.9258 | loss 14.169593 | avg loss 14.169593 | lr 0.0001000
Relative val loss: 8.46617
Absolute val loss: 8.46617
-----------------------------------------------------------------------------------------
| end of epoch  15 | time: 13.17s | epoch loss 13.011975 |
-----------------------------------------------------------------------------------------
 [   16] (    0/   24) | ms/batch 160.6269 | loss 11.768998 | avg loss 11.768998 | lr 0.0001000
Relative val loss: 8.94505
Absolute val loss: 8.94505
-----------------------------------------------------------------------------------------
| end of epoch  16 | time: 13.33s | epoch loss 9.978551 |
-----------------------------------------------------------------------------------------
 [   17] (    0/   24) | ms/batch 159.2555 | loss 9.264360 | avg loss 9.264360 | lr 0.0001000
Relative val loss: 8.73353
Absolute val loss: 8.73353
-----------------------------------------------------------------------------------------
| end of epoch  17 | time: 13.30s | epoch loss 10.579229 |
-----------------------------------------------------------------------------------------
 [   18] (    0/   24) | ms/batch 157.0544 | loss 11.513812 | avg loss 11.513812 | lr 0.0001000
Relative val loss: 7.89972
Absolute val loss: 7.89972
-----------------------------------------------------------------------------------------
| end of epoch  18 | time: 13.46s | epoch loss 11.269559 |
-----------------------------------------------------------------------------------------
 [   19] (    0/   24) | ms/batch 158.3724 | loss 8.322553 | avg loss 8.322553 | lr 0.0001000
Relative val loss: 8.67720
Absolute val loss: 8.67720
-----------------------------------------------------------------------------------------
| end of epoch  19 | time: 12.68s | epoch loss 10.719812 |
-----------------------------------------------------------------------------------------
 [   20] (    0/   24) | ms/batch 159.0412 | loss 10.114032 | avg loss 10.114032 | lr 0.0001000
Relative val loss: 8.09008
Absolute val loss: 8.09008
-----------------------------------------------------------------------------------------
| end of epoch  20 | time: 13.12s | epoch loss 9.492740 |
-----------------------------------------------------------------------------------------
 [   21] (    0/   24) | ms/batch 154.7470 | loss 9.681991 | avg loss 9.681991 | lr 0.0001000
Relative val loss: 8.08887
Absolute val loss: 8.08887
-----------------------------------------------------------------------------------------
| end of epoch  21 | time: 13.26s | epoch loss 9.619128 |
-----------------------------------------------------------------------------------------
 [   22] (    0/   24) | ms/batch 156.3065 | loss 7.664554 | avg loss 7.664554 | lr 0.0001000
Relative val loss: 7.82848
Absolute val loss: 7.82848
-----------------------------------------------------------------------------------------
| end of epoch  22 | time: 13.10s | epoch loss 9.437349 |
-----------------------------------------------------------------------------------------
 [   23] (    0/   24) | ms/batch 160.4609 | loss 9.432618 | avg loss 9.432618 | lr 0.0001000
Relative val loss: 7.81201
Absolute val loss: 7.81201
-----------------------------------------------------------------------------------------
| end of epoch  23 | time: 13.30s | epoch loss 9.556114 |
-----------------------------------------------------------------------------------------
 [   24] (    0/   24) | ms/batch 159.7726 | loss 6.644614 | avg loss 6.644614 | lr 0.0001000
Relative val loss: 9.31840
Absolute val loss: 9.31840
-----------------------------------------------------------------------------------------
| end of epoch  24 | time: 14.50s | epoch loss 9.655256 |
-----------------------------------------------------------------------------------------
 [   25] (    0/   24) | ms/batch 159.2369 | loss 11.675755 | avg loss 11.675755 | lr 0.0001000
Relative val loss: 7.74479
Absolute val loss: 7.74479
-----------------------------------------------------------------------------------------
| end of epoch  25 | time: 14.30s | epoch loss 9.891747 |
-----------------------------------------------------------------------------------------
 [   26] (    0/   24) | ms/batch 159.0626 | loss 7.851940 | avg loss 7.851940 | lr 0.0001000
Relative val loss: 8.48033
Absolute val loss: 8.48033
-----------------------------------------------------------------------------------------
| end of epoch  26 | time: 13.22s | epoch loss 9.309922 |
-----------------------------------------------------------------------------------------
 [   27] (    0/   24) | ms/batch 155.6532 | loss 8.110423 | avg loss 8.110423 | lr 0.0001000
Relative val loss: 8.54291
Absolute val loss: 8.54291
-----------------------------------------------------------------------------------------
| end of epoch  27 | time: 13.17s | epoch loss 9.342165 |
-----------------------------------------------------------------------------------------
 [   28] (    0/   24) | ms/batch 154.4211 | loss 8.344985 | avg loss 8.344985 | lr 0.0001000
Relative val loss: 10.11267
Absolute val loss: 10.11267
-----------------------------------------------------------------------------------------
| end of epoch  28 | time: 13.02s | epoch loss 10.255237 |
-----------------------------------------------------------------------------------------
 [   29] (    0/   24) | ms/batch 159.3044 | loss 12.805249 | avg loss 12.805249 | lr 0.0001000
Relative val loss: 8.01897
Absolute val loss: 8.01897
-----------------------------------------------------------------------------------------
| end of epoch  29 | time: 13.27s | epoch loss 9.985353 |
-----------------------------------------------------------------------------------------
 [   30] (    0/   24) | ms/batch 157.3370 | loss 10.263938 | avg loss 10.263938 | lr 0.0001000
Relative val loss: 8.21871
Absolute val loss: 8.21871
-----------------------------------------------------------------------------------------
| end of epoch  30 | time: 13.26s | epoch loss 9.049849 |
-----------------------------------------------------------------------------------------
 [   31] (    0/   24) | ms/batch 158.5083 | loss 8.428154 | avg loss 8.428154 | lr 0.0001000
Relative val loss: 8.13254
Absolute val loss: 8.13254
-----------------------------------------------------------------------------------------
| end of epoch  31 | time: 13.37s | epoch loss 9.003621 |
-----------------------------------------------------------------------------------------
 [   32] (    0/   24) | ms/batch 158.8464 | loss 9.125155 | avg loss 9.125155 | lr 0.0001000
Relative val loss: 7.54156
Absolute val loss: 7.54156
-----------------------------------------------------------------------------------------
| end of epoch  32 | time: 12.90s | epoch loss 9.648024 |
-----------------------------------------------------------------------------------------
 [   33] (    0/   24) | ms/batch 153.9023 | loss 7.329185 | avg loss 7.329185 | lr 0.0001000
Relative val loss: 8.96793
Absolute val loss: 8.96793
-----------------------------------------------------------------------------------------
| end of epoch  33 | time: 13.78s | epoch loss 8.935262 |
-----------------------------------------------------------------------------------------
 [   34] (    0/   24) | ms/batch 159.1306 | loss 10.013614 | avg loss 10.013614 | lr 0.0001000
Relative val loss: 8.41763
Absolute val loss: 8.41763
-----------------------------------------------------------------------------------------
| end of epoch  34 | time: 13.18s | epoch loss 9.854604 |
-----------------------------------------------------------------------------------------
 [   35] (    0/   24) | ms/batch 159.3201 | loss 11.011757 | avg loss 11.011757 | lr 0.0001000
Relative val loss: 7.22458
Absolute val loss: 7.22458
-----------------------------------------------------------------------------------------
| end of epoch  35 | time: 14.97s | epoch loss 8.674054 |
-----------------------------------------------------------------------------------------
 [   36] (    0/   24) | ms/batch 159.2839 | loss 9.705142 | avg loss 9.705142 | lr 0.0001000
Relative val loss: 8.39706
Absolute val loss: 8.39705
-----------------------------------------------------------------------------------------
| end of epoch  36 | time: 13.01s | epoch loss 9.246780 |
-----------------------------------------------------------------------------------------
 [   37] (    0/   24) | ms/batch 158.6742 | loss 10.076829 | avg loss 10.076829 | lr 0.0001000
Relative val loss: 7.90623
Absolute val loss: 7.90623
-----------------------------------------------------------------------------------------
| end of epoch  37 | time: 13.46s | epoch loss 8.640285 |
-----------------------------------------------------------------------------------------
 [   38] (    0/   24) | ms/batch 160.1634 | loss 12.294817 | avg loss 12.294817 | lr 0.0001000
Relative val loss: 9.02182
Absolute val loss: 9.02182
-----------------------------------------------------------------------------------------
| end of epoch  38 | time: 13.20s | epoch loss 9.232675 |
-----------------------------------------------------------------------------------------
 [   39] (    0/   24) | ms/batch 154.6288 | loss 6.201988 | avg loss 6.201988 | lr 0.0001000
Relative val loss: 7.44833
Absolute val loss: 7.44833
-----------------------------------------------------------------------------------------
| end of epoch  39 | time: 13.28s | epoch loss 9.657615 |
-----------------------------------------------------------------------------------------
 [   40] (    0/   24) | ms/batch 159.7481 | loss 9.134250 | avg loss 9.134250 | lr 0.0001000
Relative val loss: 7.35935
Absolute val loss: 7.35935
-----------------------------------------------------------------------------------------
| end of epoch  40 | time: 12.91s | epoch loss 9.271724 |
-----------------------------------------------------------------------------------------
 [   41] (    0/   24) | ms/batch 159.6522 | loss 6.835437 | avg loss 6.835437 | lr 0.0001000
Relative val loss: 7.71974
Absolute val loss: 7.71974
-----------------------------------------------------------------------------------------
| end of epoch  41 | time: 12.91s | epoch loss 8.720999 |
-----------------------------------------------------------------------------------------
 [   42] (    0/   24) | ms/batch 159.1952 | loss 8.923347 | avg loss 8.923347 | lr 0.0001000
Relative val loss: 8.22425
Absolute val loss: 8.22425
-----------------------------------------------------------------------------------------
| end of epoch  42 | time: 13.08s | epoch loss 9.716894 |
-----------------------------------------------------------------------------------------
 [   43] (    0/   24) | ms/batch 153.2516 | loss 9.055828 | avg loss 9.055828 | lr 0.0001000
Relative val loss: 6.98048
Absolute val loss: 6.98048
-----------------------------------------------------------------------------------------
| end of epoch  43 | time: 12.99s | epoch loss 9.765791 |
-----------------------------------------------------------------------------------------
 [   44] (    0/   24) | ms/batch 159.2207 | loss 7.649877 | avg loss 7.649877 | lr 0.0001000
Relative val loss: 7.75335
Absolute val loss: 7.75335
-----------------------------------------------------------------------------------------
| end of epoch  44 | time: 13.50s | epoch loss 9.445120 |
-----------------------------------------------------------------------------------------
 [   45] (    0/   24) | ms/batch 159.3688 | loss 8.761540 | avg loss 8.761540 | lr 0.0001000
Relative val loss: 7.82810
Absolute val loss: 7.82810
-----------------------------------------------------------------------------------------
| end of epoch  45 | time: 12.86s | epoch loss 8.952920 |
-----------------------------------------------------------------------------------------
 [   46] (    0/   24) | ms/batch 159.2872 | loss 12.308296 | avg loss 12.308296 | lr 0.0001000
Relative val loss: 7.60740
Absolute val loss: 7.60740
-----------------------------------------------------------------------------------------
| end of epoch  46 | time: 13.77s | epoch loss 8.416204 |
-----------------------------------------------------------------------------------------
 [   47] (    0/   24) | ms/batch 163.2185 | loss 9.588806 | avg loss 9.588806 | lr 0.0001000
Relative val loss: 7.64849
Absolute val loss: 7.64849
-----------------------------------------------------------------------------------------
| end of epoch  47 | time: 13.64s | epoch loss 8.379843 |
-----------------------------------------------------------------------------------------
 [   48] (    0/   24) | ms/batch 153.3175 | loss 10.385196 | avg loss 10.385196 | lr 0.0001000
Relative val loss: 7.59544
Absolute val loss: 7.59544
-----------------------------------------------------------------------------------------
| end of epoch  48 | time: 14.07s | epoch loss 9.464223 |
-----------------------------------------------------------------------------------------
 [   49] (    0/   24) | ms/batch 159.3621 | loss 7.368075 | avg loss 7.368075 | lr 0.0001000
Relative val loss: 7.49756
Absolute val loss: 7.49756
-----------------------------------------------------------------------------------------
| end of epoch  49 | time: 13.76s | epoch loss 8.605879 |
-----------------------------------------------------------------------------------------
 [   50] (    0/   24) | ms/batch 160.3210 | loss 9.162881 | avg loss 9.162881 | lr 0.0001000
Relative val loss: 8.78188
Absolute val loss: 8.78188
-----------------------------------------------------------------------------------------
| end of epoch  50 | time: 13.21s | epoch loss 8.691005 |
-----------------------------------------------------------------------------------------
 [   51] (    0/   24) | ms/batch 156.8246 | loss 8.617032 | avg loss 8.617032 | lr 0.0001000
Relative val loss: 7.53343
Absolute val loss: 7.53343
-----------------------------------------------------------------------------------------
| end of epoch  51 | time: 14.51s | epoch loss 8.843152 |
-----------------------------------------------------------------------------------------
 [   52] (    0/   24) | ms/batch 159.5571 | loss 5.729296 | avg loss 5.729296 | lr 0.0001000
Relative val loss: 8.85709
Absolute val loss: 8.85709
-----------------------------------------------------------------------------------------
| end of epoch  52 | time: 13.94s | epoch loss 8.328679 |
-----------------------------------------------------------------------------------------
 [   53] (    0/   24) | ms/batch 157.4936 | loss 10.314590 | avg loss 10.314590 | lr 0.0001000
Relative val loss: 7.44392
Absolute val loss: 7.44392
-----------------------------------------------------------------------------------------
| end of epoch  53 | time: 14.75s | epoch loss 9.638395 |
-----------------------------------------------------------------------------------------
 [   54] (    0/   24) | ms/batch 159.3866 | loss 7.999147 | avg loss 7.999147 | lr 0.0001000
Relative val loss: 8.18265
Absolute val loss: 8.18265
-----------------------------------------------------------------------------------------
| end of epoch  54 | time: 14.07s | epoch loss 8.424934 |
-----------------------------------------------------------------------------------------
 [   55] (    0/   24) | ms/batch 159.7481 | loss 9.426539 | avg loss 9.426539 | lr 0.0001000
Relative val loss: 7.91645
Absolute val loss: 7.91645
-----------------------------------------------------------------------------------------
| end of epoch  55 | time: 14.62s | epoch loss 8.835821 |
-----------------------------------------------------------------------------------------
 [   56] (    0/   24) | ms/batch 159.5631 | loss 8.097876 | avg loss 8.097876 | lr 0.0001000
Relative val loss: 7.72899
Absolute val loss: 7.72899
-----------------------------------------------------------------------------------------
| end of epoch  56 | time: 12.98s | epoch loss 8.856650 |
-----------------------------------------------------------------------------------------
 [   57] (    0/   24) | ms/batch 158.4797 | loss 7.912273 | avg loss 7.912273 | lr 0.0001000
Relative val loss: 7.68082
Absolute val loss: 7.68082
-----------------------------------------------------------------------------------------
| end of epoch  57 | time: 13.30s | epoch loss 8.748626 |
-----------------------------------------------------------------------------------------
 [   58] (    0/   24) | ms/batch 159.3177 | loss 10.002262 | avg loss 10.002262 | lr 0.0001000
Relative val loss: 8.05219
Absolute val loss: 8.05219
-----------------------------------------------------------------------------------------
| end of epoch  58 | time: 14.50s | epoch loss 8.582588 |
-----------------------------------------------------------------------------------------
 [   59] (    0/   24) | ms/batch 159.2131 | loss 8.861601 | avg loss 8.861601 | lr 0.0001000
Relative val loss: 7.58496
Absolute val loss: 7.58496
-----------------------------------------------------------------------------------------
| end of epoch  59 | time: 13.10s | epoch loss 8.396039 |
-----------------------------------------------------------------------------------------
 [   60] (    0/   24) | ms/batch 166.9083 | loss 6.072154 | avg loss 6.072154 | lr 0.0001000
Relative val loss: 7.49285
Absolute val loss: 7.49285
-----------------------------------------------------------------------------------------
| end of epoch  60 | time: 14.74s | epoch loss 8.697914 |
-----------------------------------------------------------------------------------------
 [   61] (    0/   24) | ms/batch 158.9406 | loss 10.858821 | avg loss 10.858821 | lr 0.0001000
Relative val loss: 7.84857
Absolute val loss: 7.84857
-----------------------------------------------------------------------------------------
| end of epoch  61 | time: 12.98s | epoch loss 8.609415 |
-----------------------------------------------------------------------------------------
 [   62] (    0/   24) | ms/batch 158.0930 | loss 9.138058 | avg loss 9.138058 | lr 0.0001000
Relative val loss: 7.60464
Absolute val loss: 7.60464
-----------------------------------------------------------------------------------------
| end of epoch  62 | time: 13.55s | epoch loss 9.016723 |
-----------------------------------------------------------------------------------------
 [   63] (    0/   24) | ms/batch 158.7164 | loss 9.167190 | avg loss 9.167190 | lr 0.0001000
Relative val loss: 7.98550
Absolute val loss: 7.98550
-----------------------------------------------------------------------------------------
| end of epoch  63 | time: 14.25s | epoch loss 8.893551 |
-----------------------------------------------------------------------------------------
 [   64] (    0/   24) | ms/batch 159.3392 | loss 10.531088 | avg loss 10.531088 | lr 0.0001000
Relative val loss: 7.11331
Absolute val loss: 7.11331
-----------------------------------------------------------------------------------------
| end of epoch  64 | time: 13.12s | epoch loss 8.258296 |
-----------------------------------------------------------------------------------------
 [   65] (    0/   24) | ms/batch 167.1207 | loss 10.171892 | avg loss 10.171892 | lr 0.0001000
Relative val loss: 8.07802
Absolute val loss: 8.07802
-----------------------------------------------------------------------------------------
| end of epoch  65 | time: 13.06s | epoch loss 8.765130 |
-----------------------------------------------------------------------------------------
 [   66] (    0/   24) | ms/batch 158.8545 | loss 8.979873 | avg loss 8.979873 | lr 0.0001000
Relative val loss: 8.09272
Absolute val loss: 8.09272
-----------------------------------------------------------------------------------------
| end of epoch  66 | time: 14.04s | epoch loss 9.042982 |
-----------------------------------------------------------------------------------------
 [   67] (    0/   24) | ms/batch 155.5827 | loss 10.050301 | avg loss 10.050301 | lr 0.0001000
Relative val loss: 8.20132
Absolute val loss: 8.20132
-----------------------------------------------------------------------------------------
| end of epoch  67 | time: 13.20s | epoch loss 8.927350 |
-----------------------------------------------------------------------------------------
 [   68] (    0/   24) | ms/batch 159.9457 | loss 9.392343 | avg loss 9.392343 | lr 0.0001000
Relative val loss: 8.36747
Absolute val loss: 8.36747
-----------------------------------------------------------------------------------------
| end of epoch  68 | time: 13.21s | epoch loss 9.129255 |
-----------------------------------------------------------------------------------------
 [   69] (    0/   24) | ms/batch 159.8775 | loss 14.510836 | avg loss 14.510836 | lr 0.0001000
Relative val loss: 8.11832
Absolute val loss: 8.11831
-----------------------------------------------------------------------------------------
| end of epoch  69 | time: 13.01s | epoch loss 8.943254 |
-----------------------------------------------------------------------------------------
 [   70] (    0/   24) | ms/batch 155.8225 | loss 8.847396 | avg loss 8.847396 | lr 0.0001000
Relative val loss: 7.49836
Absolute val loss: 7.49836
-----------------------------------------------------------------------------------------
| end of epoch  70 | time: 13.26s | epoch loss 9.021693 |
-----------------------------------------------------------------------------------------
 [   71] (    0/   24) | ms/batch 162.4281 | loss 8.394894 | avg loss 8.394894 | lr 0.0001000
Relative val loss: 7.44754
Absolute val loss: 7.44754
-----------------------------------------------------------------------------------------
| end of epoch  71 | time: 13.28s | epoch loss 8.602687 |
-----------------------------------------------------------------------------------------
 [   72] (    0/   24) | ms/batch 156.5125 | loss 9.846277 | avg loss 9.846277 | lr 0.0001000
Relative val loss: 8.02800
Absolute val loss: 8.02800
-----------------------------------------------------------------------------------------
| end of epoch  72 | time: 13.23s | epoch loss 8.904937 |
-----------------------------------------------------------------------------------------
 [   73] (    0/   24) | ms/batch 160.1591 | loss 10.801188 | avg loss 10.801188 | lr 0.0001000
Relative val loss: 8.41418
Absolute val loss: 8.41418
-----------------------------------------------------------------------------------------
| end of epoch  73 | time: 12.95s | epoch loss 8.841521 |
-----------------------------------------------------------------------------------------
 [   74] (    0/   24) | ms/batch 158.5138 | loss 9.947890 | avg loss 9.947890 | lr 0.0001000
Relative val loss: 7.91684
Absolute val loss: 7.91684
-----------------------------------------------------------------------------------------
| end of epoch  74 | time: 12.73s | epoch loss 8.545307 |
-----------------------------------------------------------------------------------------
 [   75] (    0/   24) | ms/batch 153.0628 | loss 9.473599 | avg loss 9.473599 | lr 0.0001000
Relative val loss: 8.30096
Absolute val loss: 8.30096
-----------------------------------------------------------------------------------------
| end of epoch  75 | time: 13.83s | epoch loss 8.327054 |
-----------------------------------------------------------------------------------------
 [   76] (    0/   24) | ms/batch 159.1642 | loss 9.007034 | avg loss 9.007034 | lr 0.0001000
Relative val loss: 7.57521
Absolute val loss: 7.57521
-----------------------------------------------------------------------------------------
| end of epoch  76 | time: 13.77s | epoch loss 8.433840 |
-----------------------------------------------------------------------------------------
 [   77] (    0/   24) | ms/batch 159.9836 | loss 8.379039 | avg loss 8.379039 | lr 0.0001000
Relative val loss: 8.05759
Absolute val loss: 8.05759
-----------------------------------------------------------------------------------------
| end of epoch  77 | time: 13.29s | epoch loss 8.323430 |
-----------------------------------------------------------------------------------------
 [   78] (    0/   24) | ms/batch 153.9986 | loss 8.405860 | avg loss 8.405860 | lr 0.0001000
Relative val loss: 8.00727
Absolute val loss: 8.00727
-----------------------------------------------------------------------------------------
| end of epoch  78 | time: 13.64s | epoch loss 9.232305 |
-----------------------------------------------------------------------------------------
 [   79] (    0/   24) | ms/batch 159.6692 | loss 8.665298 | avg loss 8.665298 | lr 0.0001000
Relative val loss: 7.30930
Absolute val loss: 7.30930
-----------------------------------------------------------------------------------------
| end of epoch  79 | time: 14.03s | epoch loss 8.700955 |
-----------------------------------------------------------------------------------------
 [   80] (    0/   24) | ms/batch 156.2481 | loss 8.618049 | avg loss 8.618049 | lr 0.0001000
Relative val loss: 8.11998
Absolute val loss: 8.11998
-----------------------------------------------------------------------------------------
| end of epoch  80 | time: 14.08s | epoch loss 8.084321 |
-----------------------------------------------------------------------------------------
 [   81] (    0/   24) | ms/batch 158.0853 | loss 9.353669 | avg loss 9.353669 | lr 0.0001000
Relative val loss: 7.42501
Absolute val loss: 7.42501
-----------------------------------------------------------------------------------------
| end of epoch  81 | time: 14.09s | epoch loss 8.614580 |
-----------------------------------------------------------------------------------------
 [   82] (    0/   24) | ms/batch 158.5033 | loss 8.758109 | avg loss 8.758109 | lr 0.0001000
Relative val loss: 7.47328
Absolute val loss: 7.47328
-----------------------------------------------------------------------------------------
| end of epoch  82 | time: 14.06s | epoch loss 8.901112 |
-----------------------------------------------------------------------------------------
 [   83] (    0/   24) | ms/batch 159.7435 | loss 8.331908 | avg loss 8.331908 | lr 0.0001000
Relative val loss: 7.56893
Absolute val loss: 7.56893
-----------------------------------------------------------------------------------------
| end of epoch  83 | time: 13.60s | epoch loss 8.143992 |
-----------------------------------------------------------------------------------------
 [   84] (    0/   24) | ms/batch 167.5060 | loss 9.093607 | avg loss 9.093607 | lr 0.0001000
Relative val loss: 7.92355
Absolute val loss: 7.92355
-----------------------------------------------------------------------------------------
| end of epoch  84 | time: 13.90s | epoch loss 9.118114 |
-----------------------------------------------------------------------------------------
 [   85] (    0/   24) | ms/batch 159.2617 | loss 7.587633 | avg loss 7.587633 | lr 0.0001000
Relative val loss: 7.45897
Absolute val loss: 7.45897
-----------------------------------------------------------------------------------------
| end of epoch  85 | time: 13.91s | epoch loss 8.614572 |
-----------------------------------------------------------------------------------------
 [   86] (    0/   24) | ms/batch 158.2906 | loss 8.960384 | avg loss 8.960384 | lr 0.0001000
Relative val loss: 9.08324
Absolute val loss: 9.08324
-----------------------------------------------------------------------------------------
| end of epoch  86 | time: 13.69s | epoch loss 8.110932 |
-----------------------------------------------------------------------------------------
 [   87] (    0/   24) | ms/batch 156.7924 | loss 9.474734 | avg loss 9.474734 | lr 0.0001000
Relative val loss: 7.63142
Absolute val loss: 7.63142
-----------------------------------------------------------------------------------------
| end of epoch  87 | time: 13.41s | epoch loss 9.447873 |
-----------------------------------------------------------------------------------------
 [   88] (    0/   24) | ms/batch 157.2022 | loss 8.266371 | avg loss 8.266371 | lr 0.0001000
Relative val loss: 8.13289
Absolute val loss: 8.13289
-----------------------------------------------------------------------------------------
| end of epoch  88 | time: 13.65s | epoch loss 8.009074 |
-----------------------------------------------------------------------------------------
 [   89] (    0/   24) | ms/batch 158.7269 | loss 9.727049 | avg loss 9.727049 | lr 0.0001000
Relative val loss: 7.85723
Absolute val loss: 7.85723
-----------------------------------------------------------------------------------------
| end of epoch  89 | time: 13.49s | epoch loss 8.061725 |
-----------------------------------------------------------------------------------------
 [   90] (    0/   24) | ms/batch 158.5732 | loss 8.833398 | avg loss 8.833398 | lr 0.0001000
Relative val loss: 7.81045
Absolute val loss: 7.81045
-----------------------------------------------------------------------------------------
| end of epoch  90 | time: 13.91s | epoch loss 9.123032 |
-----------------------------------------------------------------------------------------
 [   91] (    0/   24) | ms/batch 158.1335 | loss 9.519603 | avg loss 9.519603 | lr 0.0001000
Relative val loss: 7.52452
Absolute val loss: 7.52452
-----------------------------------------------------------------------------------------
| end of epoch  91 | time: 14.04s | epoch loss 8.510240 |
-----------------------------------------------------------------------------------------
 [   92] (    0/   24) | ms/batch 155.0949 | loss 8.352882 | avg loss 8.352882 | lr 0.0001000
Relative val loss: 9.19263
Absolute val loss: 9.19263
-----------------------------------------------------------------------------------------
| end of epoch  92 | time: 13.51s | epoch loss 9.162887 |
-----------------------------------------------------------------------------------------
 [   93] (    0/   24) | ms/batch 159.6787 | loss 11.547584 | avg loss 11.547584 | lr 0.0001000
Relative val loss: 9.55090
Absolute val loss: 9.55090
-----------------------------------------------------------------------------------------
| end of epoch  93 | time: 13.69s | epoch loss 9.903145 |
-----------------------------------------------------------------------------------------
